#
# There is insufficient memory for the Java Runtime Environment to continue.
# Native memory allocation (malloc) failed to allocate 1493776 bytes for Chunk::new
# Possible reasons:
#   The system is out of physical RAM or swap space
#   The process is running with CompressedOops enabled, and the Java Heap may be blocking the growth of the native heap
# Possible solutions:
#   Reduce memory load on the system
#   Increase physical memory or swap space
#   Check if swap backing store is full
#   Decrease Java heap size (-Xmx/-Xms)
#   Decrease number of Java threads
#   Decrease Java thread stack sizes (-Xss)
#   Set larger code cache with -XX:ReservedCodeCacheSize=
#   JVM is running with Unscaled Compressed Oops mode in which the Java heap is
#     placed in the first 4GB address space. The Java Heap base address is the
#     maximum limit for the native heap growth. Please use -XX:HeapBaseMinAddress
#     to set the Java Heap base and to place the Java Heap above 4GB virtual address.
# This output file may be truncated or incomplete.
#
#  Out of Memory Error (./src/hotspot/share/memory/arena.cpp:197), pid=11248, tid=8268
#
# JRE version: OpenJDK Runtime Environment (11.0.12+7) (build 11.0.12+7-b1504.28-7817840)
# Java VM: OpenJDK 64-Bit Server VM (11.0.12+7-b1504.28-7817840, mixed mode, tiered, compressed oops, g1 gc, windows-amd64)
# No core dump will be written. Minidumps are not enabled by default on client versions of Windows
#

---------------  S U M M A R Y ------------

Command Line: --add-opens=java.base/java.util=ALL-UNNAMED --add-opens=java.base/java.lang=ALL-UNNAMED --add-opens=java.base/java.lang.invoke=ALL-UNNAMED --add-opens=java.base/java.util=ALL-UNNAMED --add-opens=java.prefs/java.util.prefs=ALL-UNNAMED --add-opens=java.prefs/java.util.prefs=ALL-UNNAMED --add-opens=java.base/java.nio.charset=ALL-UNNAMED --add-opens=java.base/java.net=ALL-UNNAMED --add-opens=java.base/java.util.concurrent.atomic=ALL-UNNAMED -Xmx2048m -Dfile.encoding=UTF-8 -Duser.country=RU -Duser.language=ru -Duser.variant org.gradle.launcher.daemon.bootstrap.GradleDaemon 7.3.3

Host: Intel(R) Core(TM) i3-10110U CPU @ 2.10GHz, 4 cores, 7G,  Windows 10 , 64 bit Build 19041 (10.0.19041.1889)
Time: Sun Oct 30 17:42:23 2022 RTZ 2 (зима) elapsed time: 19335.809421 seconds (0d 5h 22m 15s)

---------------  T H R E A D  ---------------

Current thread (0x0000025ec2a92800):  JavaThread "C2 CompilerThread0" daemon [_thread_in_native, id=8268, stack(0x0000008ff9b00000,0x0000008ff9c00000)]


Current CompileTask:
C2:19335809 48703   !   4       java.util.Formatter::format (280 bytes)

Stack: [0x0000008ff9b00000,0x0000008ff9c00000]
Native frames: (J=compiled Java code, j=interpreted, Vv=VM code, C=native code)
V  [jvm.dll+0x5fbcea]
V  [jvm.dll+0x731905]
V  [jvm.dll+0x732f1d]
V  [jvm.dll+0x7335d3]
V  [jvm.dll+0x247bf8]
V  [jvm.dll+0xc018c]
V  [jvm.dll+0xc06cc]
V  [jvm.dll+0x35b31d]
V  [jvm.dll+0x328803]
V  [jvm.dll+0x327cfa]
V  [jvm.dll+0x200602]
V  [jvm.dll+0x1ff794]
V  [jvm.dll+0x18868c]
V  [jvm.dll+0x20e0d7]
V  [jvm.dll+0x20c901]
V  [jvm.dll+0x6f9b7f]
V  [jvm.dll+0x6f26a5]
V  [jvm.dll+0x5fabf6]
C  [ucrtbase.dll+0x21bb2]
C  [KERNEL32.DLL+0x17034]
C  [ntdll.dll+0x526a1]


---------------  P R O C E S S  ---------------

Threads class SMR info:
_java_thread_list=0x0000025ecb02c430, length=97, elements={
0x0000025ea8511000, 0x0000025ec20ff000, 0x0000025ec210c000, 0x0000025ec2a8b000,
0x0000025ec2a8c000, 0x0000025ec2a8f800, 0x0000025ec2a92800, 0x0000025ec2123000,
0x0000025ec212c800, 0x0000025ec2bee000, 0x0000025ec5281000, 0x0000025ec2f30800,
0x0000025ec4daf000, 0x0000025ec4e64800, 0x0000025ec4e65800, 0x0000025ec4e66000,
0x0000025ec6222800, 0x0000025ec6224000, 0x0000025ec6227000, 0x0000025ec6224800,
0x0000025ec6225800, 0x0000025ec622c000, 0x0000025ec622f800, 0x0000025ec662f800,
0x0000025ec662f000, 0x0000025ec6816000, 0x0000025ec6817800, 0x0000025ec680f800,
0x0000025ec662e000, 0x0000025ec6628800, 0x0000025ecab64000, 0x0000025ec6811000,
0x0000025ec6818800, 0x0000025ec6229000, 0x0000025ec622d000, 0x0000025ec6633000,
0x0000025ec6226800, 0x0000025ec6223000, 0x0000025ec622d800, 0x0000025ec622e800,
0x0000025ec622a800, 0x0000025ec6231000, 0x0000025ece2b3000, 0x0000025ece2ae000,
0x0000025ece2af000, 0x0000025ece2b1800, 0x0000025ece2b2000, 0x0000025ece2ad800,
0x0000025ece2b5800, 0x0000025ece2b4000, 0x0000025ece2b4800, 0x0000025ece2b0000,
0x0000025ece2b6800, 0x0000025ece2b0800, 0x0000025ece2b8000, 0x0000025ece2b9000,
0x0000025ece2b9800, 0x0000025ece2ba800, 0x0000025ece2bb000, 0x0000025ece2bc000,
0x0000025ecaea8800, 0x0000025ecaeae800, 0x0000025ecaeac000, 0x0000025ecaeaf000,
0x0000025ecaead800, 0x0000025ecaeab000, 0x0000025ecaea9800, 0x0000025ecaeb0000,
0x0000025ecaeaa800, 0x0000025ecaeb3800, 0x0000025ecaeb4000, 0x0000025ecaeb5000,
0x0000025ecaeb6800, 0x0000025ecaeb2800, 0x0000025ecaeb1000, 0x0000025ecaeb7800,
0x0000025ecaeb1800, 0x0000025ec6627800, 0x0000025ec6625000, 0x0000025ec6626000,
0x0000025ec6629000, 0x0000025ec6626800, 0x0000025ec662a000, 0x0000025ec6624800,
0x0000025ec6630800, 0x0000025ec662b000, 0x0000025ec662d800, 0x0000025ec6632000,
0x0000025ec6814000, 0x0000025ec6816800, 0x0000025ec6811800, 0x0000025ec6812800,
0x0000025ec6819000, 0x0000025ec6813800, 0x0000025ec681a800, 0x0000025ec681b800,
0x0000025ec681c800
}

Java Threads: ( => current thread )
  0x0000025ea8511000 JavaThread "main" [_thread_blocked, id=10460, stack(0x0000008ff8f00000,0x0000008ff9000000)]
  0x0000025ec20ff000 JavaThread "Reference Handler" daemon [_thread_blocked, id=12104, stack(0x0000008ff9600000,0x0000008ff9700000)]
  0x0000025ec210c000 JavaThread "Finalizer" daemon [_thread_blocked, id=7364, stack(0x0000008ff9700000,0x0000008ff9800000)]
  0x0000025ec2a8b000 JavaThread "Signal Dispatcher" daemon [_thread_blocked, id=2292, stack(0x0000008ff9800000,0x0000008ff9900000)]
  0x0000025ec2a8c000 JavaThread "Attach Listener" daemon [_thread_blocked, id=6416, stack(0x0000008ff9900000,0x0000008ff9a00000)]
  0x0000025ec2a8f800 JavaThread "Service Thread" daemon [_thread_blocked, id=2696, stack(0x0000008ff9a00000,0x0000008ff9b00000)]
=>0x0000025ec2a92800 JavaThread "C2 CompilerThread0" daemon [_thread_in_native, id=8268, stack(0x0000008ff9b00000,0x0000008ff9c00000)]
  0x0000025ec2123000 JavaThread "C1 CompilerThread0" daemon [_thread_blocked, id=10864, stack(0x0000008ff9c00000,0x0000008ff9d00000)]
  0x0000025ec212c800 JavaThread "Sweeper thread" daemon [_thread_blocked, id=9024, stack(0x0000008ff9d00000,0x0000008ff9e00000)]
  0x0000025ec2bee000 JavaThread "Common-Cleaner" daemon [_thread_blocked, id=6856, stack(0x0000008ff9e00000,0x0000008ff9f00000)]
  0x0000025ec5281000 JavaThread "Daemon health stats" [_thread_blocked, id=12748, stack(0x0000008ffa300000,0x0000008ffa400000)]
  0x0000025ec2f30800 JavaThread "Incoming local TCP Connector on port 59964" [_thread_in_native, id=9712, stack(0x0000008ffa200000,0x0000008ffa300000)]
  0x0000025ec4daf000 JavaThread "Daemon periodic checks" [_thread_blocked, id=13472, stack(0x0000008ffa400000,0x0000008ffa500000)]
  0x0000025ec4e64800 JavaThread "Cache worker for journal cache (C:\Users\User\.gradle\caches\journal-1)" [_thread_blocked, id=2760, stack(0x0000008ffad00000,0x0000008ffae00000)]
  0x0000025ec4e65800 JavaThread "File lock request listener" [_thread_in_native, id=6116, stack(0x0000008ffae00000,0x0000008ffaf00000)]
  0x0000025ec4e66000 JavaThread "Cache worker for file hash cache (C:\Users\User\.gradle\caches\7.3.3\fileHashes)" [_thread_blocked, id=10748, stack(0x0000008ffaf00000,0x0000008ffb000000)]
  0x0000025ec6222800 JavaThread "File watcher server" daemon [_thread_in_native, id=5424, stack(0x0000008ffb100000,0x0000008ffb200000)]
  0x0000025ec6224000 JavaThread "File watcher consumer" daemon [_thread_blocked, id=13560, stack(0x0000008ffb200000,0x0000008ffb300000)]
  0x0000025ec6227000 JavaThread "Cache worker for execution history cache (C:\Users\User\.gradle\caches\7.3.3\executionHistory)" [_thread_blocked, id=9880, stack(0x0000008ffb600000,0x0000008ffb700000)]
  0x0000025ec6224800 JavaThread "jar transforms" [_thread_blocked, id=10552, stack(0x0000008ffb700000,0x0000008ffb800000)]
  0x0000025ec6225800 JavaThread "Cache worker for file content cache (C:\Users\User\.gradle\caches\7.3.3\fileContent)" [_thread_blocked, id=8596, stack(0x0000008ffb800000,0x0000008ffb900000)]
  0x0000025ec622c000 JavaThread "jar transforms Thread 2" [_thread_blocked, id=14088, stack(0x0000008ffb900000,0x0000008ffba00000)]
  0x0000025ec622f800 JavaThread "jar transforms Thread 3" [_thread_blocked, id=11020, stack(0x0000008ffbb00000,0x0000008ffbc00000)]
  0x0000025ec662f800 JavaThread "jar transforms Thread 4" [_thread_blocked, id=14136, stack(0x0000008ffe500000,0x0000008ffe600000)]
  0x0000025ec662f000 JavaThread "Memory manager" [_thread_blocked, id=14072, stack(0x0000008ffe600000,0x0000008ffe700000)]
  0x0000025ec6816000 JavaThread "RMI Scheduler(0)" daemon [_thread_blocked, id=32, stack(0x0000008ffed00000,0x0000008ffee00000)]
  0x0000025ec6817800 JavaThread "RMI TCP Accept-0" daemon [_thread_in_native, id=972, stack(0x0000008fff000000,0x0000008fff100000)]
  0x0000025ec680f800 JavaThread "Cache worker for Java compile cache (C:\Users\User\.gradle\caches\7.3.3\javaCompile)" [_thread_blocked, id=3948, stack(0x0000008ffec00000,0x0000008ffed00000)]
  0x0000025ec662e000 JavaThread "RMI GC Daemon" daemon [_thread_blocked, id=4452, stack(0x0000008ffeb00000,0x0000008ffec00000)]
  0x0000025ec6628800 JavaThread "RMI Reaper" [_thread_blocked, id=6172, stack(0x0000008ffee00000,0x0000008ffef00000)]
  0x0000025ecab64000 JavaThread "ForkJoinPool.commonPool-worker-7" daemon [_thread_blocked, id=10264, stack(0x0000008fff900000,0x0000008fffa00000)]
  0x0000025ec6811000 JavaThread "Daemon Thread 25" [_thread_blocked, id=12268, stack(0x0000008ff8c00000,0x0000008ff8d00000)]
  0x0000025ec6818800 JavaThread "Daemon worker Thread 25" [_thread_blocked, id=10904, stack(0x0000008ffa500000,0x0000008ffa600000)]
  0x0000025ec6229000 JavaThread "RMI TCP Connection(142)-127.0.0.1" daemon [_thread_in_native, id=3036, stack(0x0000008fff100000,0x0000008fff200000)]
  0x0000025ec622d000 JavaThread "RMI TCP Connection(141)-127.0.0.1" daemon [_thread_in_native, id=12436, stack(0x0000008fff500000,0x0000008fff600000)]
  0x0000025ec6633000 JavaThread "ForkJoinPool.commonPool-worker-3" daemon [_thread_blocked, id=8960, stack(0x0000008fffb00000,0x0000008fffc00000)]
  0x0000025ec6226800 JavaThread "Handler for socket connection from /127.0.0.1:59964 to /127.0.0.1:65250" [_thread_in_native, id=4684, stack(0x0000008ff8d00000,0x0000008ff8e00000)]
  0x0000025ec6223000 JavaThread "Cancel handler" [_thread_blocked, id=13068, stack(0x0000008ff8e00000,0x0000008ff8f00000)]
  0x0000025ec622d800 JavaThread "Asynchronous log dispatcher for DefaultDaemonConnection: socket connection from /127.0.0.1:59964 to /127.0.0.1:65250" [_thread_blocked, id=14236, stack(0x0000008ffa600000,0x0000008ffa700000)]
  0x0000025ec622e800 JavaThread "Stdin handler" [_thread_blocked, id=13940, stack(0x0000008ffa700000,0x0000008ffa800000)]
  0x0000025ec622a800 JavaThread "Daemon client event forwarder" [_thread_blocked, id=3080, stack(0x0000008ffa800000,0x0000008ffa900000)]
  0x0000025ec6231000 JavaThread "Cache worker for file hash cache (D:\Tania\AndroidWORK\TestXmlCompose\.gradle\7.3.3\fileHashes)" [_thread_blocked, id=12716, stack(0x0000008ffa900000,0x0000008ffaa00000)]
  0x0000025ece2b3000 JavaThread "Cache worker for checksums cache (D:\Tania\AndroidWORK\TestXmlCompose\.gradle\7.3.3\checksums)" [_thread_blocked, id=8548, stack(0x0000008ffaa00000,0x0000008ffab00000)]
  0x0000025ece2ae000 JavaThread "Cache worker for cache directory md-supplier (C:\Users\User\.gradle\caches\7.3.3\md-supplier)" [_thread_blocked, id=7664, stack(0x0000008ffab00000,0x0000008ffac00000)]
  0x0000025ece2af000 JavaThread "Cache worker for cache directory md-rule (C:\Users\User\.gradle\caches\7.3.3\md-rule)" [_thread_blocked, id=4816, stack(0x0000008ffb000000,0x0000008ffb100000)]
  0x0000025ece2b1800 JavaThread "Cache worker for dependencies-accessors (D:\Tania\AndroidWORK\TestXmlCompose\.gradle\7.3.3\dependencies-accessors)" [_thread_blocked, id=8068, stack(0x0000008ffb300000,0x0000008ffb400000)]
  0x0000025ece2b2000 JavaThread "Cache worker for Build Output Cleanup Cache (D:\Tania\AndroidWORK\TestXmlCompose\.gradle\buildOutputCleanup)" [_thread_blocked, id=3912, stack(0x0000008ffb400000,0x0000008ffb500000)]
  0x0000025ece2ad800 JavaThread "Unconstrained build operations" [_thread_blocked, id=9460, stack(0x0000008ffb500000,0x0000008ffb600000)]
  0x0000025ece2b5800 JavaThread "Unconstrained build operations Thread 2" [_thread_blocked, id=1176, stack(0x0000008ffba00000,0x0000008ffbb00000)]
  0x0000025ece2b4000 JavaThread "Unconstrained build operations Thread 3" [_thread_blocked, id=12688, stack(0x0000008ffbc00000,0x0000008ffbd00000)]
  0x0000025ece2b4800 JavaThread "Unconstrained build operations Thread 4" [_thread_blocked, id=7452, stack(0x0000008ffbd00000,0x0000008ffbe00000)]
  0x0000025ece2b0000 JavaThread "Unconstrained build operations Thread 5" [_thread_blocked, id=1128, stack(0x0000008ffbe00000,0x0000008ffbf00000)]
  0x0000025ece2b6800 JavaThread "Unconstrained build operations Thread 6" [_thread_blocked, id=12620, stack(0x0000008ffbf00000,0x0000008ffc000000)]
  0x0000025ece2b0800 JavaThread "Unconstrained build operations Thread 7" [_thread_blocked, id=12508, stack(0x0000008ffc000000,0x0000008ffc100000)]
  0x0000025ece2b8000 JavaThread "Unconstrained build operations Thread 8" [_thread_blocked, id=13976, stack(0x0000008ffc100000,0x0000008ffc200000)]
  0x0000025ece2b9000 JavaThread "Unconstrained build operations Thread 9" [_thread_blocked, id=3340, stack(0x0000008ffc200000,0x0000008ffc300000)]
  0x0000025ece2b9800 JavaThread "Unconstrained build operations Thread 10" [_thread_blocked, id=3428, stack(0x0000008ffc300000,0x0000008ffc400000)]
  0x0000025ece2ba800 JavaThread "Unconstrained build operations Thread 11" [_thread_blocked, id=8456, stack(0x0000008ffc400000,0x0000008ffc500000)]
  0x0000025ece2bb000 JavaThread "Unconstrained build operations Thread 12" [_thread_blocked, id=8968, stack(0x0000008ffc500000,0x0000008ffc600000)]
  0x0000025ece2bc000 JavaThread "Unconstrained build operations Thread 13" [_thread_blocked, id=10308, stack(0x0000008ffc600000,0x0000008ffc700000)]
  0x0000025ecaea8800 JavaThread "Unconstrained build operations Thread 14" [_thread_blocked, id=12876, stack(0x0000008ffc700000,0x0000008ffc800000)]
  0x0000025ecaeae800 JavaThread "Unconstrained build operations Thread 15" [_thread_blocked, id=6748, stack(0x0000008ffc800000,0x0000008ffc900000)]
  0x0000025ecaeac000 JavaThread "Unconstrained build operations Thread 16" [_thread_blocked, id=2360, stack(0x0000008ffc900000,0x0000008ffca00000)]
  0x0000025ecaeaf000 JavaThread "Unconstrained build operations Thread 17" [_thread_blocked, id=6092, stack(0x0000008ffca00000,0x0000008ffcb00000)]
  0x0000025ecaead800 JavaThread "Unconstrained build operations Thread 18" [_thread_blocked, id=11308, stack(0x0000008ffcb00000,0x0000008ffcc00000)]
  0x0000025ecaeab000 JavaThread "Unconstrained build operations Thread 19" [_thread_blocked, id=14128, stack(0x0000008ffcc00000,0x0000008ffcd00000)]
  0x0000025ecaea9800 JavaThread "Unconstrained build operations Thread 20" [_thread_blocked, id=8980, stack(0x0000008ffcd00000,0x0000008ffce00000)]
  0x0000025ecaeb0000 JavaThread "Unconstrained build operations Thread 21" [_thread_blocked, id=4528, stack(0x0000008ffce00000,0x0000008ffcf00000)]
  0x0000025ecaeaa800 JavaThread "Unconstrained build operations Thread 22" [_thread_blocked, id=680, stack(0x0000008ffcf00000,0x0000008ffd000000)]
  0x0000025ecaeb3800 JavaThread "Unconstrained build operations Thread 23" [_thread_blocked, id=6464, stack(0x0000008ffd000000,0x0000008ffd100000)]
  0x0000025ecaeb4000 JavaThread "Unconstrained build operations Thread 24" [_thread_blocked, id=10556, stack(0x0000008ffd100000,0x0000008ffd200000)]
  0x0000025ecaeb5000 JavaThread "Unconstrained build operations Thread 25" [_thread_blocked, id=12148, stack(0x0000008ffd200000,0x0000008ffd300000)]
  0x0000025ecaeb6800 JavaThread "Unconstrained build operations Thread 26" [_thread_blocked, id=5788, stack(0x0000008ffd300000,0x0000008ffd400000)]
  0x0000025ecaeb2800 JavaThread "Unconstrained build operations Thread 27" [_thread_blocked, id=392, stack(0x0000008ffd400000,0x0000008ffd500000)]
  0x0000025ecaeb1000 JavaThread "Unconstrained build operations Thread 28" [_thread_blocked, id=12920, stack(0x0000008ffd500000,0x0000008ffd600000)]
  0x0000025ecaeb7800 JavaThread "Unconstrained build operations Thread 29" [_thread_blocked, id=8532, stack(0x0000008ffd600000,0x0000008ffd700000)]
  0x0000025ecaeb1800 JavaThread "Unconstrained build operations Thread 30" [_thread_blocked, id=1348, stack(0x0000008ffd700000,0x0000008ffd800000)]
  0x0000025ec6627800 JavaThread "Unconstrained build operations Thread 31" [_thread_blocked, id=9592, stack(0x0000008ffd800000,0x0000008ffd900000)]
  0x0000025ec6625000 JavaThread "Unconstrained build operations Thread 32" [_thread_blocked, id=13492, stack(0x0000008ffd900000,0x0000008ffda00000)]
  0x0000025ec6626000 JavaThread "Unconstrained build operations Thread 33" [_thread_blocked, id=13600, stack(0x0000008ffda00000,0x0000008ffdb00000)]
  0x0000025ec6629000 JavaThread "Unconstrained build operations Thread 34" [_thread_blocked, id=1508, stack(0x0000008ffdb00000,0x0000008ffdc00000)]
  0x0000025ec6626800 JavaThread "Unconstrained build operations Thread 35" [_thread_blocked, id=3732, stack(0x0000008ffdc00000,0x0000008ffdd00000)]
  0x0000025ec662a000 JavaThread "Unconstrained build operations Thread 36" [_thread_blocked, id=13932, stack(0x0000008ffdd00000,0x0000008ffde00000)]
  0x0000025ec6624800 JavaThread "Unconstrained build operations Thread 37" [_thread_blocked, id=12016, stack(0x0000008ffde00000,0x0000008ffdf00000)]
  0x0000025ec6630800 JavaThread "Unconstrained build operations Thread 38" [_thread_blocked, id=2092, stack(0x0000008ffdf00000,0x0000008ffe000000)]
  0x0000025ec662b000 JavaThread "Unconstrained build operations Thread 39" [_thread_blocked, id=7952, stack(0x0000008ffe000000,0x0000008ffe100000)]
  0x0000025ec662d800 JavaThread "Unconstrained build operations Thread 40" [_thread_blocked, id=13824, stack(0x0000008ffe100000,0x0000008ffe200000)]
  0x0000025ec6632000 JavaThread "build event listener" [_thread_blocked, id=8144, stack(0x0000008ffe200000,0x0000008ffe300000)]
  0x0000025ec6814000 JavaThread "Execution worker for ':'" [_thread_blocked, id=12196, stack(0x0000008ffe300000,0x0000008ffe400000)]
  0x0000025ec6816800 JavaThread "Execution worker for ':' Thread 2" [_thread_blocked, id=10840, stack(0x0000008ffe400000,0x0000008ffe500000)]
  0x0000025ec6811800 JavaThread "Execution worker for ':' Thread 3" [_thread_blocked, id=2120, stack(0x0000008ffe700000,0x0000008ffe800000)]
  0x0000025ec6812800 JavaThread "Cache worker for execution history cache (D:\Tania\AndroidWORK\TestXmlCompose\.gradle\7.3.3\executionHistory)" [_thread_blocked, id=10912, stack(0x0000008ffe800000,0x0000008ffe900000)]
  0x0000025ec6819000 JavaThread "WorkerExecutor Queue" [_thread_in_native, id=3304, stack(0x0000008ffea00000,0x0000008ffeb00000)]
  0x0000025ec6813800 JavaThread "WorkerExecutor Queue Thread 2" [_thread_blocked, id=11596, stack(0x0000008ffef00000,0x0000008fff000000)]
  0x0000025ec681a800 JavaThread "WorkerExecutor Queue Thread 3" [_thread_blocked, id=7636, stack(0x0000008fff200000,0x0000008fff300000)]
  0x0000025ec681b800 JavaThread "RMI RenewClean-[127.0.0.1:17412,org.jetbrains.kotlin.daemon.common.LoopbackNetworkInterface$ClientLoopbackSocketFactory@3864c927]" daemon [_thread_blocked, id=14172, stack(0x0000008fff300000,0x0000008fff400000)]
  0x0000025ec681c800 JavaThread "RMI TCP Connection(143)-127.0.0.1" daemon [_thread_in_native, id=8552, stack(0x0000008fff400000,0x0000008fff500000)]

Other Threads:
  0x0000025ec20fc000 VMThread "VM Thread" [stack: 0x0000008ff9500000,0x0000008ff9600000] [id=11648]
  0x0000025ec2c02000 WatcherThread [stack: 0x0000008ff9f00000,0x0000008ffa000000] [id=9768]
  0x0000025ea63eb800 GCTaskThread "GC Thread#0" [stack: 0x0000008ff9000000,0x0000008ff9100000] [id=4832]
  0x0000025ec2c8d800 GCTaskThread "GC Thread#1" [stack: 0x0000008ffa000000,0x0000008ffa100000] [id=252]
  0x0000025ec2e4f800 GCTaskThread "GC Thread#2" [stack: 0x0000008ffa100000,0x0000008ffa200000] [id=12212]
  0x0000025ec3e0b000 GCTaskThread "GC Thread#3" [stack: 0x0000008ffac00000,0x0000008ffad00000] [id=3680]
  0x0000025ea8555800 ConcurrentGCThread "G1 Main Marker" [stack: 0x0000008ff9100000,0x0000008ff9200000] [id=11080]
  0x0000025ea8557000 ConcurrentGCThread "G1 Conc#0" [stack: 0x0000008ff9200000,0x0000008ff9300000] [id=8772]
  0x0000025ea85ce800 ConcurrentGCThread "G1 Refine#0" [stack: 0x0000008ff9300000,0x0000008ff9400000] [id=11396]
  0x0000025ec5a3b000 ConcurrentGCThread "G1 Refine#1" [stack: 0x0000008ffe900000,0x0000008ffea00000] [id=1280]
  0x0000025ec1f4a800 ConcurrentGCThread "G1 Young RemSet Sampling" [stack: 0x0000008ff9400000,0x0000008ff9500000] [id=12888]

Threads with active compile tasks:
C2 CompilerThread019335857 48703   !   4       java.util.Formatter::format (280 bytes)

VM state:not at safepoint (normal execution)

VM Mutex/Monitor currently owned by a thread: None

Heap address: 0x0000000080000000, size: 2048 MB, Compressed Oops mode: 32-bit
Narrow klass base: 0x0000000000000000, Narrow klass shift: 3
Compressed class space size: 1073741824 Address: 0x0000000100000000

Heap:
 garbage-first heap   total 342016K, used 144942K [0x0000000080000000, 0x0000000100000000)
  region size 1024K, 5 young (5120K), 4 survivors (4096K)
 Metaspace       used 150567K, capacity 156657K, committed 162084K, reserved 1189888K
  class space    used 18278K, capacity 20450K, committed 21452K, reserved 1048576K
Heap Regions: E=young(eden), S=young(survivor), O=old, HS=humongous(starts), HC=humongous(continues), CS=collection set, F=free, A=archive, TAMS=top-at-mark-start (previous, next)
|   0|0x0000000080000000, 0x0000000080100000, 0x0000000080100000|100%| O|  |TAMS 0x0000000080100000, 0x0000000080000000| Untracked 
|   1|0x0000000080100000, 0x0000000080200000, 0x0000000080200000|100%| O|  |TAMS 0x0000000080200000, 0x0000000080100000| Complete 
|   2|0x0000000080200000, 0x0000000080300000, 0x0000000080300000|100%| O|  |TAMS 0x0000000080300000, 0x0000000080200000| Untracked 
|   3|0x0000000080300000, 0x0000000080400000, 0x0000000080400000|100%|HS|  |TAMS 0x0000000080400000, 0x0000000080300000| Complete 
|   4|0x0000000080400000, 0x0000000080500000, 0x0000000080500000|100%|HC|  |TAMS 0x0000000080500000, 0x0000000080400000| Complete 
|   5|0x0000000080500000, 0x0000000080600000, 0x0000000080600000|100%|HC|  |TAMS 0x0000000080600000, 0x0000000080500000| Complete 
|   6|0x0000000080600000, 0x0000000080700000, 0x0000000080700000|100%| O|  |TAMS 0x0000000080700000, 0x0000000080600000| Untracked 
|   7|0x0000000080700000, 0x0000000080800000, 0x0000000080800000|100%| O|  |TAMS 0x0000000080800000, 0x0000000080700000| Untracked 
|   8|0x0000000080800000, 0x0000000080900000, 0x0000000080900000|100%| O|  |TAMS 0x0000000080900000, 0x0000000080800000| Complete 
|   9|0x0000000080900000, 0x0000000080a00000, 0x0000000080a00000|100%| O|  |TAMS 0x0000000080a00000, 0x0000000080900000| Complete 
|  10|0x0000000080a00000, 0x0000000080b00000, 0x0000000080b00000|100%| O|  |TAMS 0x0000000080b00000, 0x0000000080a00000| Complete 
|  11|0x0000000080b00000, 0x0000000080c00000, 0x0000000080c00000|100%| O|  |TAMS 0x0000000080c00000, 0x0000000080b00000| Untracked 
|  12|0x0000000080c00000, 0x0000000080d00000, 0x0000000080d00000|100%| O|  |TAMS 0x0000000080d00000, 0x0000000080c00000| Untracked 
|  13|0x0000000080d00000, 0x0000000080e00000, 0x0000000080e00000|100%| O|  |TAMS 0x0000000080e00000, 0x0000000080d00000| Untracked 
|  14|0x0000000080e00000, 0x0000000080f00000, 0x0000000080f00000|100%| O|  |TAMS 0x0000000080f00000, 0x0000000080e00000| Untracked 
|  15|0x0000000080f00000, 0x0000000081000000, 0x0000000081000000|100%| O|  |TAMS 0x0000000081000000, 0x0000000080f00000| Complete 
|  16|0x0000000081000000, 0x0000000081100000, 0x0000000081100000|100%| O|  |TAMS 0x0000000081100000, 0x0000000081000000| Complete 
|  17|0x0000000081100000, 0x0000000081200000, 0x0000000081200000|100%|HS|  |TAMS 0x0000000081200000, 0x0000000081100000| Complete 
|  18|0x0000000081200000, 0x0000000081300000, 0x0000000081300000|100%| O|  |TAMS 0x0000000081300000, 0x0000000081200000| Complete 
|  19|0x0000000081300000, 0x0000000081400000, 0x0000000081400000|100%| O|  |TAMS 0x0000000081400000, 0x0000000081300000| Complete 
|  20|0x0000000081400000, 0x0000000081500000, 0x0000000081500000|100%| O|  |TAMS 0x0000000081500000, 0x0000000081400000| Complete 
|  21|0x0000000081500000, 0x0000000081600000, 0x0000000081600000|100%| O|  |TAMS 0x0000000081600000, 0x0000000081500000| Complete 
|  22|0x0000000081600000, 0x0000000081700000, 0x0000000081700000|100%| O|  |TAMS 0x0000000081700000, 0x0000000081600000| Complete 
|  23|0x0000000081700000, 0x0000000081800000, 0x0000000081800000|100%| O|  |TAMS 0x0000000081800000, 0x0000000081700000| Complete 
|  24|0x0000000081800000, 0x0000000081900000, 0x0000000081900000|100%|HS|  |TAMS 0x0000000081900000, 0x0000000081800000| Complete 
|  25|0x0000000081900000, 0x0000000081a00000, 0x0000000081a00000|100%|HS|  |TAMS 0x0000000081a00000, 0x0000000081900000| Complete 
|  26|0x0000000081a00000, 0x0000000081b00000, 0x0000000081b00000|100%|HS|  |TAMS 0x0000000081b00000, 0x0000000081a00000| Complete 
|  27|0x0000000081b00000, 0x0000000081c00000, 0x0000000081c00000|100%|HC|  |TAMS 0x0000000081c00000, 0x0000000081b00000| Complete 
|  28|0x0000000081c00000, 0x0000000081d00000, 0x0000000081d00000|100%|HC|  |TAMS 0x0000000081d00000, 0x0000000081c00000| Complete 
|  29|0x0000000081d00000, 0x0000000081e00000, 0x0000000081e00000|100%| O|  |TAMS 0x0000000081e00000, 0x0000000081d00000| Complete 
|  30|0x0000000081e00000, 0x0000000081f00000, 0x0000000081f00000|100%| O|  |TAMS 0x0000000081f00000, 0x0000000081e00000| Untracked 
|  31|0x0000000081f00000, 0x0000000082000000, 0x0000000082000000|100%| O|  |TAMS 0x0000000082000000, 0x0000000081f00000| Complete 
|  32|0x0000000082000000, 0x0000000082100000, 0x0000000082100000|100%| O|  |TAMS 0x0000000082100000, 0x0000000082000000| Untracked 
|  33|0x0000000082100000, 0x0000000082200000, 0x0000000082200000|100%| O|  |TAMS 0x0000000082200000, 0x0000000082100000| Complete 
|  34|0x0000000082200000, 0x0000000082300000, 0x0000000082300000|100%| O|  |TAMS 0x0000000082300000, 0x0000000082200000| Complete 
|  35|0x0000000082300000, 0x0000000082400000, 0x0000000082400000|100%|HS|  |TAMS 0x0000000082400000, 0x0000000082300000| Complete 
|  36|0x0000000082400000, 0x0000000082500000, 0x0000000082500000|100%|HC|  |TAMS 0x0000000082500000, 0x0000000082400000| Complete 
|  37|0x0000000082500000, 0x0000000082600000, 0x0000000082600000|100%| O|  |TAMS 0x0000000082600000, 0x0000000082500000| Complete 
|  38|0x0000000082600000, 0x0000000082700000, 0x0000000082700000|100%| O|  |TAMS 0x0000000082700000, 0x0000000082600000| Untracked 
|  39|0x0000000082700000, 0x0000000082800000, 0x0000000082800000|100%| O|  |TAMS 0x0000000082800000, 0x0000000082700000| Untracked 
|  40|0x0000000082800000, 0x0000000082900000, 0x0000000082900000|100%| O|  |TAMS 0x0000000082900000, 0x0000000082800000| Untracked 
|  41|0x0000000082900000, 0x0000000082a00000, 0x0000000082a00000|100%|HS|  |TAMS 0x0000000082a00000, 0x0000000082900000| Complete 
|  42|0x0000000082a00000, 0x0000000082b00000, 0x0000000082b00000|100%| O|  |TAMS 0x0000000082b00000, 0x0000000082a00000| Complete 
|  43|0x0000000082b00000, 0x0000000082c00000, 0x0000000082c00000|100%| O|  |TAMS 0x0000000082c00000, 0x0000000082b00000| Untracked 
|  44|0x0000000082c00000, 0x0000000082d00000, 0x0000000082d00000|100%| O|  |TAMS 0x0000000082d00000, 0x0000000082c00000| Complete 
|  45|0x0000000082d00000, 0x0000000082e00000, 0x0000000082e00000|100%| O|  |TAMS 0x0000000082e00000, 0x0000000082d00000| Complete 
|  46|0x0000000082e00000, 0x0000000082f00000, 0x0000000082f00000|100%| O|  |TAMS 0x0000000082f00000, 0x0000000082e00000| Complete 
|  47|0x0000000082f00000, 0x0000000083000000, 0x0000000083000000|100%| O|  |TAMS 0x0000000083000000, 0x0000000082f00000| Complete 
|  48|0x0000000083000000, 0x0000000083100000, 0x0000000083100000|100%| O|  |TAMS 0x0000000083100000, 0x0000000083000000| Complete 
|  49|0x0000000083100000, 0x0000000083200000, 0x0000000083200000|100%| O|  |TAMS 0x0000000083200000, 0x0000000083100000| Complete 
|  50|0x0000000083200000, 0x0000000083300000, 0x0000000083300000|100%| O|  |TAMS 0x0000000083300000, 0x0000000083200000| Untracked 
|  51|0x0000000083300000, 0x0000000083400000, 0x0000000083400000|100%| O|  |TAMS 0x0000000083400000, 0x0000000083300000| Complete 
|  52|0x0000000083400000, 0x0000000083500000, 0x0000000083500000|100%| O|  |TAMS 0x0000000083500000, 0x0000000083400000| Complete 
|  53|0x0000000083500000, 0x0000000083600000, 0x0000000083600000|100%| O|  |TAMS 0x0000000083600000, 0x0000000083500000| Complete 
|  54|0x0000000083600000, 0x0000000083700000, 0x0000000083700000|100%| O|  |TAMS 0x0000000083700000, 0x0000000083600000| Complete 
|  55|0x0000000083700000, 0x0000000083700000, 0x0000000083800000|  0%| F|  |TAMS 0x0000000083700000, 0x0000000083700000| Untracked 
|  56|0x0000000083800000, 0x0000000083800000, 0x0000000083900000|  0%| F|  |TAMS 0x0000000083800000, 0x0000000083800000| Untracked 
|  57|0x0000000083900000, 0x0000000083a00000, 0x0000000083a00000|100%| O|  |TAMS 0x0000000083a00000, 0x0000000083900000| Untracked 
|  58|0x0000000083a00000, 0x0000000083b00000, 0x0000000083b00000|100%| O|  |TAMS 0x0000000083b00000, 0x0000000083a00000| Complete 
|  59|0x0000000083b00000, 0x0000000083c00000, 0x0000000083c00000|100%| O|  |TAMS 0x0000000083c00000, 0x0000000083b00000| Complete 
|  60|0x0000000083c00000, 0x0000000083d00000, 0x0000000083d00000|100%| O|  |TAMS 0x0000000083d00000, 0x0000000083c00000| Complete 
|  61|0x0000000083d00000, 0x0000000083e00000, 0x0000000083e00000|100%| O|  |TAMS 0x0000000083e00000, 0x0000000083d00000| Complete 
|  62|0x0000000083e00000, 0x0000000083f00000, 0x0000000083f00000|100%| O|  |TAMS 0x0000000083f00000, 0x0000000083e00000| Untracked 
|  63|0x0000000083f00000, 0x0000000084000000, 0x0000000084000000|100%| O|  |TAMS 0x0000000084000000, 0x0000000083f00000| Untracked 
|  64|0x0000000084000000, 0x0000000084100000, 0x0000000084100000|100%| O|  |TAMS 0x0000000084100000, 0x0000000084000000| Complete 
|  65|0x0000000084100000, 0x0000000084200000, 0x0000000084200000|100%| O|  |TAMS 0x0000000084200000, 0x0000000084100000| Untracked 
|  66|0x0000000084200000, 0x0000000084300000, 0x0000000084300000|100%| O|  |TAMS 0x0000000084300000, 0x0000000084200000| Untracked 
|  67|0x0000000084300000, 0x0000000084400000, 0x0000000084400000|100%| O|  |TAMS 0x0000000084400000, 0x0000000084300000| Complete 
|  68|0x0000000084400000, 0x0000000084500000, 0x0000000084500000|100%| O|  |TAMS 0x0000000084500000, 0x0000000084400000| Untracked 
|  69|0x0000000084500000, 0x0000000084600000, 0x0000000084600000|100%| O|  |TAMS 0x0000000084600000, 0x0000000084500000| Complete 
|  70|0x0000000084600000, 0x0000000084700000, 0x0000000084700000|100%| O|  |TAMS 0x0000000084700000, 0x0000000084600000| Untracked 
|  71|0x0000000084700000, 0x0000000084800000, 0x0000000084800000|100%| O|  |TAMS 0x0000000084800000, 0x0000000084700000| Untracked 
|  72|0x0000000084800000, 0x0000000084900000, 0x0000000084900000|100%| O|  |TAMS 0x0000000084900000, 0x0000000084800000| Untracked 
|  73|0x0000000084900000, 0x0000000084a00000, 0x0000000084a00000|100%| O|  |TAMS 0x0000000084a00000, 0x0000000084900000| Untracked 
|  74|0x0000000084a00000, 0x0000000084b00000, 0x0000000084b00000|100%| O|  |TAMS 0x0000000084b00000, 0x0000000084a00000| Untracked 
|  75|0x0000000084b00000, 0x0000000084c00000, 0x0000000084c00000|100%| O|  |TAMS 0x0000000084c00000, 0x0000000084b00000| Complete 
|  76|0x0000000084c00000, 0x0000000084d00000, 0x0000000084d00000|100%| O|  |TAMS 0x0000000084d00000, 0x0000000084c00000| Untracked 
|  77|0x0000000084d00000, 0x0000000084e00000, 0x0000000084e00000|100%| O|  |TAMS 0x0000000084e00000, 0x0000000084d00000| Untracked 
|  78|0x0000000084e00000, 0x0000000084e00000, 0x0000000084f00000|  0%| F|  |TAMS 0x0000000084e00000, 0x0000000084e00000| Untracked 
|  79|0x0000000084f00000, 0x0000000085000000, 0x0000000085000000|100%| O|  |TAMS 0x0000000085000000, 0x0000000084f00000| Untracked 
|  80|0x0000000085000000, 0x0000000085100000, 0x0000000085100000|100%| O|  |TAMS 0x0000000085100000, 0x0000000085000000| Untracked 
|  81|0x0000000085100000, 0x0000000085200000, 0x0000000085200000|100%| O|  |TAMS 0x0000000085200000, 0x0000000085100000| Complete 
|  82|0x0000000085200000, 0x0000000085300000, 0x0000000085300000|100%| O|  |TAMS 0x0000000085300000, 0x0000000085200000| Untracked 
|  83|0x0000000085300000, 0x0000000085300000, 0x0000000085400000|  0%| F|  |TAMS 0x0000000085300000, 0x0000000085300000| Untracked 
|  84|0x0000000085400000, 0x0000000085500000, 0x0000000085500000|100%| O|  |TAMS 0x0000000085500000, 0x0000000085400000| Complete 
|  85|0x0000000085500000, 0x0000000085600000, 0x0000000085600000|100%| O|  |TAMS 0x0000000085600000, 0x0000000085500000| Complete 
|  86|0x0000000085600000, 0x0000000085700000, 0x0000000085700000|100%| O|  |TAMS 0x0000000085700000, 0x0000000085600000| Untracked 
|  87|0x0000000085700000, 0x0000000085800000, 0x0000000085800000|100%| O|  |TAMS 0x0000000085800000, 0x0000000085700000| Untracked 
|  88|0x0000000085800000, 0x0000000085800000, 0x0000000085900000|  0%| F|  |TAMS 0x0000000085800000, 0x0000000085800000| Untracked 
|  89|0x0000000085900000, 0x0000000085a00000, 0x0000000085a00000|100%| O|  |TAMS 0x0000000085a00000, 0x0000000085900000| Complete 
|  90|0x0000000085a00000, 0x0000000085b00000, 0x0000000085b00000|100%| O|  |TAMS 0x0000000085b00000, 0x0000000085a00000| Untracked 
|  91|0x0000000085b00000, 0x0000000085c00000, 0x0000000085c00000|100%| O|  |TAMS 0x0000000085c00000, 0x0000000085b00000| Complete 
|  92|0x0000000085c00000, 0x0000000085d00000, 0x0000000085d00000|100%| O|  |TAMS 0x0000000085d00000, 0x0000000085c00000| Complete 
|  93|0x0000000085d00000, 0x0000000085e00000, 0x0000000085e00000|100%| O|  |TAMS 0x0000000085e00000, 0x0000000085d00000| Complete 
|  94|0x0000000085e00000, 0x0000000085e00000, 0x0000000085f00000|  0%| F|  |TAMS 0x0000000085e00000, 0x0000000085e00000| Untracked 
|  95|0x0000000085f00000, 0x0000000086000000, 0x0000000086000000|100%|HS|  |TAMS 0x0000000086000000, 0x0000000085f00000| Complete 
|  96|0x0000000086000000, 0x0000000086100000, 0x0000000086100000|100%|HC|  |TAMS 0x0000000086100000, 0x0000000086000000| Complete 
|  97|0x0000000086100000, 0x0000000086200000, 0x0000000086200000|100%|HC|  |TAMS 0x0000000086200000, 0x0000000086100000| Complete 
|  98|0x0000000086200000, 0x0000000086200000, 0x0000000086300000|  0%| F|  |TAMS 0x0000000086200000, 0x0000000086200000| Untracked 
|  99|0x0000000086300000, 0x0000000086400000, 0x0000000086400000|100%| O|  |TAMS 0x0000000086400000, 0x0000000086300000| Complete 
| 100|0x0000000086400000, 0x0000000086500000, 0x0000000086500000|100%| O|  |TAMS 0x0000000086500000, 0x0000000086400000| Complete 
| 101|0x0000000086500000, 0x0000000086600000, 0x0000000086600000|100%| O|  |TAMS 0x0000000086600000, 0x0000000086500000| Complete 
| 102|0x0000000086600000, 0x0000000086700000, 0x0000000086700000|100%| O|  |TAMS 0x0000000086700000, 0x0000000086600000| Untracked 
| 103|0x0000000086700000, 0x0000000086800000, 0x0000000086800000|100%| O|  |TAMS 0x0000000086800000, 0x0000000086700000| Untracked 
| 104|0x0000000086800000, 0x0000000086900000, 0x0000000086900000|100%| O|  |TAMS 0x0000000086900000, 0x0000000086800000| Complete 
| 105|0x0000000086900000, 0x0000000086a00000, 0x0000000086a00000|100%| O|  |TAMS 0x0000000086a00000, 0x0000000086900000| Untracked 
| 106|0x0000000086a00000, 0x0000000086b00000, 0x0000000086b00000|100%| O|  |TAMS 0x0000000086b00000, 0x0000000086a00000| Untracked 
| 107|0x0000000086b00000, 0x0000000086c00000, 0x0000000086c00000|100%| O|  |TAMS 0x0000000086c00000, 0x0000000086b00000| Untracked 
| 108|0x0000000086c00000, 0x0000000086d00000, 0x0000000086d00000|100%| O|  |TAMS 0x0000000086d00000, 0x0000000086c00000| Complete 
| 109|0x0000000086d00000, 0x0000000086e00000, 0x0000000086e00000|100%| O|  |TAMS 0x0000000086e00000, 0x0000000086d00000| Untracked 
| 110|0x0000000086e00000, 0x0000000086f00000, 0x0000000086f00000|100%| O|  |TAMS 0x0000000086f00000, 0x0000000086e00000| Complete 
| 111|0x0000000086f00000, 0x0000000086fdb400, 0x0000000087000000| 85%| O|  |TAMS 0x0000000086fdb400, 0x0000000086f00000| Untracked 
| 112|0x0000000087000000, 0x0000000087100000, 0x0000000087100000|100%| O|  |TAMS 0x0000000087100000, 0x0000000087000000| Complete 
| 113|0x0000000087100000, 0x0000000087100000, 0x0000000087200000|  0%| F|  |TAMS 0x0000000087100000, 0x0000000087100000| Untracked 
| 114|0x0000000087200000, 0x0000000087300000, 0x0000000087300000|100%| O|  |TAMS 0x0000000087300000, 0x0000000087200000| Complete 
| 115|0x0000000087300000, 0x0000000087400000, 0x0000000087400000|100%| O|  |TAMS 0x0000000087400000, 0x0000000087300000| Untracked 
| 116|0x0000000087400000, 0x0000000087500000, 0x0000000087500000|100%| O|  |TAMS 0x0000000087500000, 0x0000000087400000| Complete 
| 117|0x0000000087500000, 0x0000000087600000, 0x0000000087600000|100%| O|  |TAMS 0x0000000087600000, 0x0000000087500000| Complete 
| 118|0x0000000087600000, 0x0000000087600000, 0x0000000087700000|  0%| F|  |TAMS 0x0000000087600000, 0x0000000087600000| Untracked 
| 119|0x0000000087700000, 0x0000000087800000, 0x0000000087800000|100%| O|  |TAMS 0x0000000087800000, 0x0000000087700000| Untracked 
| 120|0x0000000087800000, 0x0000000087900000, 0x0000000087900000|100%| O|  |TAMS 0x0000000087900000, 0x0000000087800000| Untracked 
| 121|0x0000000087900000, 0x0000000087900000, 0x0000000087a00000|  0%| F|  |TAMS 0x0000000087900000, 0x0000000087900000| Untracked 
| 122|0x0000000087a00000, 0x0000000087b00000, 0x0000000087b00000|100%| O|  |TAMS 0x0000000087b00000, 0x0000000087a00000| Untracked 
| 123|0x0000000087b00000, 0x0000000087c00000, 0x0000000087c00000|100%| O|  |TAMS 0x0000000087c00000, 0x0000000087b00000| Untracked 
| 124|0x0000000087c00000, 0x0000000087d00000, 0x0000000087d00000|100%| O|  |TAMS 0x0000000087d00000, 0x0000000087c00000| Untracked 
| 125|0x0000000087d00000, 0x0000000087e00000, 0x0000000087e00000|100%| O|  |TAMS 0x0000000087e00000, 0x0000000087d00000| Untracked 
| 126|0x0000000087e00000, 0x0000000087f00000, 0x0000000087f00000|100%| O|  |TAMS 0x0000000087f00000, 0x0000000087e00000| Complete 
| 127|0x0000000087f00000, 0x0000000088000000, 0x0000000088000000|100%| O|  |TAMS 0x0000000088000000, 0x0000000087f00000| Untracked 
| 128|0x0000000088000000, 0x0000000088100000, 0x0000000088100000|100%| O|  |TAMS 0x0000000088100000, 0x0000000088000000| Untracked 
| 129|0x0000000088100000, 0x0000000088200000, 0x0000000088200000|100%| O|  |TAMS 0x0000000088200000, 0x0000000088100000| Untracked 
| 130|0x0000000088200000, 0x0000000088200000, 0x0000000088300000|  0%| F|  |TAMS 0x0000000088200000, 0x0000000088200000| Untracked 
| 131|0x0000000088300000, 0x0000000088300000, 0x0000000088400000|  0%| F|  |TAMS 0x0000000088300000, 0x0000000088300000| Untracked 
| 132|0x0000000088400000, 0x0000000088500000, 0x0000000088500000|100%| O|  |TAMS 0x0000000088500000, 0x0000000088400000| Untracked 
| 133|0x0000000088500000, 0x0000000088600000, 0x0000000088600000|100%| O|  |TAMS 0x0000000088600000, 0x0000000088500000| Complete 
| 134|0x0000000088600000, 0x0000000088700000, 0x0000000088700000|100%| O|  |TAMS 0x0000000088700000, 0x0000000088600000| Untracked 
| 135|0x0000000088700000, 0x0000000088700000, 0x0000000088800000|  0%| F|  |TAMS 0x0000000088700000, 0x0000000088700000| Untracked 
| 136|0x0000000088800000, 0x0000000088900000, 0x0000000088900000|100%| O|  |TAMS 0x0000000088900000, 0x0000000088800000| Complete 
| 137|0x0000000088900000, 0x0000000088a00000, 0x0000000088a00000|100%| O|  |TAMS 0x0000000088a00000, 0x0000000088900000| Complete 
| 138|0x0000000088a00000, 0x0000000088a00000, 0x0000000088b00000|  0%| F|  |TAMS 0x0000000088a00000, 0x0000000088a00000| Untracked 
| 139|0x0000000088b00000, 0x0000000088c00000, 0x0000000088c00000|100%| O|  |TAMS 0x0000000088c00000, 0x0000000088b00000| Complete 
| 140|0x0000000088c00000, 0x0000000088c00000, 0x0000000088d00000|  0%| F|  |TAMS 0x0000000088c00000, 0x0000000088c00000| Untracked 
| 141|0x0000000088d00000, 0x0000000088d00000, 0x0000000088e00000|  0%| F|  |TAMS 0x0000000088d00000, 0x0000000088d00000| Untracked 
| 142|0x0000000088e00000, 0x0000000088f00000, 0x0000000088f00000|100%| O|  |TAMS 0x0000000088f00000, 0x0000000088e00000| Complete 
| 143|0x0000000088f00000, 0x0000000089000000, 0x0000000089000000|100%|HS|  |TAMS 0x0000000088f00000, 0x0000000088f00000| Complete 
| 144|0x0000000089000000, 0x0000000089100000, 0x0000000089100000|100%|HC|  |TAMS 0x0000000089000000, 0x0000000089000000| Complete 
| 145|0x0000000089100000, 0x0000000089100000, 0x0000000089200000|  0%| F|  |TAMS 0x0000000089100000, 0x0000000089100000| Untracked 
| 146|0x0000000089200000, 0x0000000089300000, 0x0000000089300000|100%| O|  |TAMS 0x0000000089300000, 0x0000000089200000| Untracked 
| 147|0x0000000089300000, 0x0000000089400000, 0x0000000089400000|100%| O|  |TAMS 0x0000000089400000, 0x0000000089300000| Complete 
| 148|0x0000000089400000, 0x0000000089500000, 0x0000000089500000|100%| O|  |TAMS 0x0000000089500000, 0x0000000089400000| Complete 
| 149|0x0000000089500000, 0x0000000089600000, 0x0000000089600000|100%| O|  |TAMS 0x0000000089600000, 0x0000000089500000| Untracked 
| 150|0x0000000089600000, 0x0000000089700000, 0x0000000089700000|100%| O|  |TAMS 0x0000000089700000, 0x0000000089600000| Untracked 
| 151|0x0000000089700000, 0x0000000089700000, 0x0000000089800000|  0%| F|  |TAMS 0x0000000089700000, 0x0000000089700000| Untracked 
| 152|0x0000000089800000, 0x0000000089800000, 0x0000000089900000|  0%| F|  |TAMS 0x0000000089800000, 0x0000000089800000| Untracked 
| 153|0x0000000089900000, 0x0000000089900000, 0x0000000089a00000|  0%| F|  |TAMS 0x0000000089900000, 0x0000000089900000| Untracked 
| 154|0x0000000089a00000, 0x0000000089b00000, 0x0000000089b00000|100%| O|  |TAMS 0x0000000089b00000, 0x0000000089a00000| Complete 
| 155|0x0000000089b00000, 0x0000000089b00000, 0x0000000089c00000|  0%| F|  |TAMS 0x0000000089b00000, 0x0000000089b00000| Untracked 
| 156|0x0000000089c00000, 0x0000000089c00000, 0x0000000089d00000|  0%| F|  |TAMS 0x0000000089c00000, 0x0000000089c00000| Untracked 
| 157|0x0000000089d00000, 0x0000000089d00000, 0x0000000089e00000|  0%| F|  |TAMS 0x0000000089d00000, 0x0000000089d00000| Untracked 
| 158|0x0000000089e00000, 0x0000000089e00000, 0x0000000089f00000|  0%| F|  |TAMS 0x0000000089e00000, 0x0000000089e00000| Untracked 
| 159|0x0000000089f00000, 0x0000000089f00000, 0x000000008a000000|  0%| F|  |TAMS 0x0000000089f00000, 0x0000000089f00000| Untracked 
| 160|0x000000008a000000, 0x000000008a000000, 0x000000008a100000|  0%| F|  |TAMS 0x000000008a000000, 0x000000008a000000| Untracked 
| 161|0x000000008a100000, 0x000000008a200000, 0x000000008a200000|100%| O|  |TAMS 0x000000008a200000, 0x000000008a100000| Complete 
| 162|0x000000008a200000, 0x000000008a200000, 0x000000008a300000|  0%| F|  |TAMS 0x000000008a200000, 0x000000008a200000| Untracked 
| 163|0x000000008a300000, 0x000000008a300000, 0x000000008a400000|  0%| F|  |TAMS 0x000000008a300000, 0x000000008a300000| Untracked 
| 164|0x000000008a400000, 0x000000008a500000, 0x000000008a500000|100%| O|  |TAMS 0x000000008a500000, 0x000000008a400000| Complete 
| 165|0x000000008a500000, 0x000000008a600000, 0x000000008a600000|100%| O|  |TAMS 0x000000008a600000, 0x000000008a500000| Complete 
| 166|0x000000008a600000, 0x000000008a600000, 0x000000008a700000|  0%| F|  |TAMS 0x000000008a600000, 0x000000008a600000| Untracked 
| 167|0x000000008a700000, 0x000000008a700000, 0x000000008a800000|  0%| F|  |TAMS 0x000000008a700000, 0x000000008a700000| Untracked 
| 168|0x000000008a800000, 0x000000008a800000, 0x000000008a900000|  0%| F|  |TAMS 0x000000008a800000, 0x000000008a800000| Untracked 
| 169|0x000000008a900000, 0x000000008a900000, 0x000000008aa00000|  0%| F|  |TAMS 0x000000008a900000, 0x000000008a900000| Untracked 
| 170|0x000000008aa00000, 0x000000008aa00000, 0x000000008ab00000|  0%| F|  |TAMS 0x000000008aa00000, 0x000000008aa00000| Untracked 
| 171|0x000000008ab00000, 0x000000008ab00000, 0x000000008ac00000|  0%| F|  |TAMS 0x000000008ab00000, 0x000000008ab00000| Untracked 
| 172|0x000000008ac00000, 0x000000008ac00000, 0x000000008ad00000|  0%| F|  |TAMS 0x000000008ac00000, 0x000000008ac00000| Untracked 
| 173|0x000000008ad00000, 0x000000008ad00000, 0x000000008ae00000|  0%| F|  |TAMS 0x000000008ad00000, 0x000000008ad00000| Untracked 
| 174|0x000000008ae00000, 0x000000008ae00000, 0x000000008af00000|  0%| F|  |TAMS 0x000000008ae00000, 0x000000008ae00000| Untracked 
| 175|0x000000008af00000, 0x000000008af00000, 0x000000008b000000|  0%| F|  |TAMS 0x000000008af00000, 0x000000008af00000| Untracked 
| 176|0x000000008b000000, 0x000000008b000000, 0x000000008b100000|  0%| F|  |TAMS 0x000000008b000000, 0x000000008b000000| Untracked 
| 177|0x000000008b100000, 0x000000008b100000, 0x000000008b200000|  0%| F|  |TAMS 0x000000008b100000, 0x000000008b100000| Untracked 
| 178|0x000000008b200000, 0x000000008b200000, 0x000000008b300000|  0%| F|  |TAMS 0x000000008b200000, 0x000000008b200000| Untracked 
| 179|0x000000008b300000, 0x000000008b300000, 0x000000008b400000|  0%| F|  |TAMS 0x000000008b300000, 0x000000008b300000| Untracked 
| 180|0x000000008b400000, 0x000000008b400000, 0x000000008b500000|  0%| F|  |TAMS 0x000000008b400000, 0x000000008b400000| Untracked 
| 181|0x000000008b500000, 0x000000008b500000, 0x000000008b600000|  0%| F|  |TAMS 0x000000008b500000, 0x000000008b500000| Untracked 
| 182|0x000000008b600000, 0x000000008b600000, 0x000000008b700000|  0%| F|  |TAMS 0x000000008b600000, 0x000000008b600000| Untracked 
| 183|0x000000008b700000, 0x000000008b700000, 0x000000008b800000|  0%| F|  |TAMS 0x000000008b700000, 0x000000008b700000| Untracked 
| 184|0x000000008b800000, 0x000000008b800000, 0x000000008b900000|  0%| F|  |TAMS 0x000000008b800000, 0x000000008b800000| Untracked 
| 185|0x000000008b900000, 0x000000008b900000, 0x000000008ba00000|  0%| F|  |TAMS 0x000000008b900000, 0x000000008b900000| Untracked 
| 186|0x000000008ba00000, 0x000000008ba00000, 0x000000008bb00000|  0%| F|  |TAMS 0x000000008ba00000, 0x000000008ba00000| Untracked 
| 187|0x000000008bb00000, 0x000000008bb00000, 0x000000008bc00000|  0%| F|  |TAMS 0x000000008bb00000, 0x000000008bb00000| Untracked 
| 188|0x000000008bc00000, 0x000000008bc00000, 0x000000008bd00000|  0%| F|  |TAMS 0x000000008bc00000, 0x000000008bc00000| Untracked 
| 189|0x000000008bd00000, 0x000000008bd00000, 0x000000008be00000|  0%| F|  |TAMS 0x000000008bd00000, 0x000000008bd00000| Untracked 
| 190|0x000000008be00000, 0x000000008be00000, 0x000000008bf00000|  0%| F|  |TAMS 0x000000008be00000, 0x000000008be00000| Untracked 
| 191|0x000000008bf00000, 0x000000008bf00000, 0x000000008c000000|  0%| F|  |TAMS 0x000000008bf00000, 0x000000008bf00000| Untracked 
| 192|0x000000008c000000, 0x000000008c000000, 0x000000008c100000|  0%| F|  |TAMS 0x000000008c000000, 0x000000008c000000| Untracked 
| 193|0x000000008c100000, 0x000000008c100000, 0x000000008c200000|  0%| F|  |TAMS 0x000000008c100000, 0x000000008c100000| Untracked 
| 194|0x000000008c200000, 0x000000008c200000, 0x000000008c300000|  0%| F|  |TAMS 0x000000008c200000, 0x000000008c200000| Untracked 
| 195|0x000000008c300000, 0x000000008c300000, 0x000000008c400000|  0%| F|  |TAMS 0x000000008c300000, 0x000000008c300000| Untracked 
| 196|0x000000008c400000, 0x000000008c400000, 0x000000008c500000|  0%| F|  |TAMS 0x000000008c400000, 0x000000008c400000| Untracked 
| 197|0x000000008c500000, 0x000000008c500000, 0x000000008c600000|  0%| F|  |TAMS 0x000000008c500000, 0x000000008c500000| Untracked 
| 198|0x000000008c600000, 0x000000008c600000, 0x000000008c700000|  0%| F|  |TAMS 0x000000008c600000, 0x000000008c600000| Untracked 
| 199|0x000000008c700000, 0x000000008c700000, 0x000000008c800000|  0%| F|  |TAMS 0x000000008c700000, 0x000000008c700000| Untracked 
| 200|0x000000008c800000, 0x000000008c800000, 0x000000008c900000|  0%| F|  |TAMS 0x000000008c800000, 0x000000008c800000| Untracked 
| 201|0x000000008c900000, 0x000000008c900000, 0x000000008ca00000|  0%| F|  |TAMS 0x000000008c900000, 0x000000008c900000| Untracked 
| 202|0x000000008ca00000, 0x000000008ca00000, 0x000000008cb00000|  0%| F|  |TAMS 0x000000008ca00000, 0x000000008ca00000| Untracked 
| 203|0x000000008cb00000, 0x000000008cb00000, 0x000000008cc00000|  0%| F|  |TAMS 0x000000008cb00000, 0x000000008cb00000| Untracked 
| 204|0x000000008cc00000, 0x000000008cc00000, 0x000000008cd00000|  0%| F|  |TAMS 0x000000008cc00000, 0x000000008cc00000| Untracked 
| 205|0x000000008cd00000, 0x000000008cd00000, 0x000000008ce00000|  0%| F|  |TAMS 0x000000008cd00000, 0x000000008cd00000| Untracked 
| 206|0x000000008ce00000, 0x000000008ce00000, 0x000000008cf00000|  0%| F|  |TAMS 0x000000008ce00000, 0x000000008ce00000| Untracked 
| 207|0x000000008cf00000, 0x000000008cf00000, 0x000000008d000000|  0%| F|  |TAMS 0x000000008cf00000, 0x000000008cf00000| Untracked 
| 208|0x000000008d000000, 0x000000008d000000, 0x000000008d100000|  0%| F|  |TAMS 0x000000008d000000, 0x000000008d000000| Untracked 
| 209|0x000000008d100000, 0x000000008d100000, 0x000000008d200000|  0%| F|  |TAMS 0x000000008d100000, 0x000000008d100000| Untracked 
| 210|0x000000008d200000, 0x000000008d200000, 0x000000008d300000|  0%| F|  |TAMS 0x000000008d200000, 0x000000008d200000| Untracked 
| 211|0x000000008d300000, 0x000000008d300000, 0x000000008d400000|  0%| F|  |TAMS 0x000000008d300000, 0x000000008d300000| Untracked 
| 212|0x000000008d400000, 0x000000008d400000, 0x000000008d500000|  0%| F|  |TAMS 0x000000008d400000, 0x000000008d400000| Untracked 
| 213|0x000000008d500000, 0x000000008d500000, 0x000000008d600000|  0%| F|  |TAMS 0x000000008d500000, 0x000000008d500000| Untracked 
| 214|0x000000008d600000, 0x000000008d600000, 0x000000008d700000|  0%| F|  |TAMS 0x000000008d600000, 0x000000008d600000| Untracked 
| 215|0x000000008d700000, 0x000000008d700000, 0x000000008d800000|  0%| F|  |TAMS 0x000000008d700000, 0x000000008d700000| Untracked 
| 216|0x000000008d800000, 0x000000008d800000, 0x000000008d900000|  0%| F|  |TAMS 0x000000008d800000, 0x000000008d800000| Untracked 
| 217|0x000000008d900000, 0x000000008d900000, 0x000000008da00000|  0%| F|  |TAMS 0x000000008d900000, 0x000000008d900000| Untracked 
| 218|0x000000008da00000, 0x000000008dab0670, 0x000000008db00000| 68%| S|CS|TAMS 0x000000008da00000, 0x000000008da00000| Complete 
| 219|0x000000008db00000, 0x000000008dc00000, 0x000000008dc00000|100%| S|CS|TAMS 0x000000008db00000, 0x000000008db00000| Complete 
| 220|0x000000008dc00000, 0x000000008dd00000, 0x000000008dd00000|100%| S|CS|TAMS 0x000000008dc00000, 0x000000008dc00000| Complete 
| 221|0x000000008dd00000, 0x000000008de00000, 0x000000008de00000|100%| S|CS|TAMS 0x000000008dd00000, 0x000000008dd00000| Complete 
| 222|0x000000008de00000, 0x000000008de00000, 0x000000008df00000|  0%| F|  |TAMS 0x000000008de00000, 0x000000008de00000| Untracked 
| 223|0x000000008df00000, 0x000000008df00000, 0x000000008e000000|  0%| F|  |TAMS 0x000000008df00000, 0x000000008df00000| Untracked 
| 224|0x000000008e000000, 0x000000008e000000, 0x000000008e100000|  0%| F|  |TAMS 0x000000008e000000, 0x000000008e000000| Untracked 
| 225|0x000000008e100000, 0x000000008e100000, 0x000000008e200000|  0%| F|  |TAMS 0x000000008e100000, 0x000000008e100000| Untracked 
| 226|0x000000008e200000, 0x000000008e200000, 0x000000008e300000|  0%| F|  |TAMS 0x000000008e200000, 0x000000008e200000| Untracked 
| 227|0x000000008e300000, 0x000000008e300000, 0x000000008e400000|  0%| F|  |TAMS 0x000000008e300000, 0x000000008e300000| Untracked 
| 228|0x000000008e400000, 0x000000008e400000, 0x000000008e500000|  0%| F|  |TAMS 0x000000008e400000, 0x000000008e400000| Untracked 
| 229|0x000000008e500000, 0x000000008e500000, 0x000000008e600000|  0%| F|  |TAMS 0x000000008e500000, 0x000000008e500000| Untracked 
| 230|0x000000008e600000, 0x000000008e600000, 0x000000008e700000|  0%| F|  |TAMS 0x000000008e600000, 0x000000008e600000| Untracked 
| 231|0x000000008e700000, 0x000000008e700000, 0x000000008e800000|  0%| F|  |TAMS 0x000000008e700000, 0x000000008e700000| Untracked 
| 232|0x000000008e800000, 0x000000008e800000, 0x000000008e900000|  0%| F|  |TAMS 0x000000008e800000, 0x000000008e800000| Untracked 
| 233|0x000000008e900000, 0x000000008e900000, 0x000000008ea00000|  0%| F|  |TAMS 0x000000008e900000, 0x000000008e900000| Untracked 
| 234|0x000000008ea00000, 0x000000008ea00000, 0x000000008eb00000|  0%| F|  |TAMS 0x000000008ea00000, 0x000000008ea00000| Untracked 
| 235|0x000000008eb00000, 0x000000008eb00000, 0x000000008ec00000|  0%| F|  |TAMS 0x000000008eb00000, 0x000000008eb00000| Untracked 
| 236|0x000000008ec00000, 0x000000008ec00000, 0x000000008ed00000|  0%| F|  |TAMS 0x000000008ec00000, 0x000000008ec00000| Untracked 
| 237|0x000000008ed00000, 0x000000008ed00000, 0x000000008ee00000|  0%| F|  |TAMS 0x000000008ed00000, 0x000000008ed00000| Untracked 
| 238|0x000000008ee00000, 0x000000008ee00000, 0x000000008ef00000|  0%| F|  |TAMS 0x000000008ee00000, 0x000000008ee00000| Untracked 
| 239|0x000000008ef00000, 0x000000008ef00000, 0x000000008f000000|  0%| F|  |TAMS 0x000000008ef00000, 0x000000008ef00000| Untracked 
| 240|0x000000008f000000, 0x000000008f000000, 0x000000008f100000|  0%| F|  |TAMS 0x000000008f000000, 0x000000008f000000| Untracked 
| 241|0x000000008f100000, 0x000000008f100000, 0x000000008f200000|  0%| F|  |TAMS 0x000000008f100000, 0x000000008f100000| Untracked 
| 242|0x000000008f200000, 0x000000008f200000, 0x000000008f300000|  0%| F|  |TAMS 0x000000008f200000, 0x000000008f200000| Untracked 
| 243|0x000000008f300000, 0x000000008f300000, 0x000000008f400000|  0%| F|  |TAMS 0x000000008f300000, 0x000000008f300000| Untracked 
| 244|0x000000008f400000, 0x000000008f400000, 0x000000008f500000|  0%| F|  |TAMS 0x000000008f400000, 0x000000008f400000| Untracked 
| 245|0x000000008f500000, 0x000000008f500000, 0x000000008f600000|  0%| F|  |TAMS 0x000000008f500000, 0x000000008f500000| Untracked 
| 246|0x000000008f600000, 0x000000008f600000, 0x000000008f700000|  0%| F|  |TAMS 0x000000008f600000, 0x000000008f600000| Untracked 
| 247|0x000000008f700000, 0x000000008f700000, 0x000000008f800000|  0%| F|  |TAMS 0x000000008f700000, 0x000000008f700000| Untracked 
| 248|0x000000008f800000, 0x000000008f800000, 0x000000008f900000|  0%| F|  |TAMS 0x000000008f800000, 0x000000008f800000| Untracked 
| 249|0x000000008f900000, 0x000000008f900000, 0x000000008fa00000|  0%| F|  |TAMS 0x000000008f900000, 0x000000008f900000| Untracked 
| 250|0x000000008fa00000, 0x000000008fa00000, 0x000000008fb00000|  0%| F|  |TAMS 0x000000008fa00000, 0x000000008fa00000| Untracked 
| 251|0x000000008fb00000, 0x000000008fb00000, 0x000000008fc00000|  0%| F|  |TAMS 0x000000008fb00000, 0x000000008fb00000| Untracked 
| 252|0x000000008fc00000, 0x000000008fc00000, 0x000000008fd00000|  0%| F|  |TAMS 0x000000008fc00000, 0x000000008fc00000| Untracked 
| 253|0x000000008fd00000, 0x000000008fd00000, 0x000000008fe00000|  0%| F|  |TAMS 0x000000008fd00000, 0x000000008fd00000| Untracked 
| 254|0x000000008fe00000, 0x000000008fe00000, 0x000000008ff00000|  0%| F|  |TAMS 0x000000008fe00000, 0x000000008fe00000| Untracked 
| 255|0x000000008ff00000, 0x000000008ff00000, 0x0000000090000000|  0%| F|  |TAMS 0x000000008ff00000, 0x000000008ff00000| Untracked 
| 256|0x0000000090000000, 0x0000000090000000, 0x0000000090100000|  0%| F|  |TAMS 0x0000000090000000, 0x0000000090000000| Untracked 
| 257|0x0000000090100000, 0x0000000090100000, 0x0000000090200000|  0%| F|  |TAMS 0x0000000090100000, 0x0000000090100000| Untracked 
| 258|0x0000000090200000, 0x0000000090200000, 0x0000000090300000|  0%| F|  |TAMS 0x0000000090200000, 0x0000000090200000| Untracked 
| 259|0x0000000090300000, 0x0000000090300000, 0x0000000090400000|  0%| F|  |TAMS 0x0000000090300000, 0x0000000090300000| Untracked 
| 260|0x0000000090400000, 0x0000000090400000, 0x0000000090500000|  0%| F|  |TAMS 0x0000000090400000, 0x0000000090400000| Untracked 
| 261|0x0000000090500000, 0x0000000090500000, 0x0000000090600000|  0%| F|  |TAMS 0x0000000090500000, 0x0000000090500000| Untracked 
| 262|0x0000000090600000, 0x0000000090600000, 0x0000000090700000|  0%| F|  |TAMS 0x0000000090600000, 0x0000000090600000| Untracked 
| 263|0x0000000090700000, 0x0000000090700000, 0x0000000090800000|  0%| F|  |TAMS 0x0000000090700000, 0x0000000090700000| Untracked 
| 264|0x0000000090800000, 0x0000000090800000, 0x0000000090900000|  0%| F|  |TAMS 0x0000000090800000, 0x0000000090800000| Untracked 
| 265|0x0000000090900000, 0x0000000090900000, 0x0000000090a00000|  0%| F|  |TAMS 0x0000000090900000, 0x0000000090900000| Untracked 
| 266|0x0000000090a00000, 0x0000000090a00000, 0x0000000090b00000|  0%| F|  |TAMS 0x0000000090a00000, 0x0000000090a00000| Untracked 
| 267|0x0000000090b00000, 0x0000000090b00000, 0x0000000090c00000|  0%| F|  |TAMS 0x0000000090b00000, 0x0000000090b00000| Untracked 
| 268|0x0000000090c00000, 0x0000000090c00000, 0x0000000090d00000|  0%| F|  |TAMS 0x0000000090c00000, 0x0000000090c00000| Untracked 
| 269|0x0000000090d00000, 0x0000000090d00000, 0x0000000090e00000|  0%| F|  |TAMS 0x0000000090d00000, 0x0000000090d00000| Untracked 
| 270|0x0000000090e00000, 0x0000000090e00000, 0x0000000090f00000|  0%| F|  |TAMS 0x0000000090e00000, 0x0000000090e00000| Untracked 
| 271|0x0000000090f00000, 0x0000000090f00000, 0x0000000091000000|  0%| F|  |TAMS 0x0000000090f00000, 0x0000000090f00000| Untracked 
| 272|0x0000000091000000, 0x0000000091000000, 0x0000000091100000|  0%| F|  |TAMS 0x0000000091000000, 0x0000000091000000| Untracked 
| 273|0x0000000091100000, 0x0000000091100000, 0x0000000091200000|  0%| F|  |TAMS 0x0000000091100000, 0x0000000091100000| Untracked 
| 274|0x0000000091200000, 0x0000000091200000, 0x0000000091300000|  0%| F|  |TAMS 0x0000000091200000, 0x0000000091200000| Untracked 
| 275|0x0000000091300000, 0x0000000091300000, 0x0000000091400000|  0%| F|  |TAMS 0x0000000091300000, 0x0000000091300000| Untracked 
| 276|0x0000000091400000, 0x0000000091400000, 0x0000000091500000|  0%| F|  |TAMS 0x0000000091400000, 0x0000000091400000| Untracked 
| 277|0x0000000091500000, 0x0000000091500000, 0x0000000091600000|  0%| F|  |TAMS 0x0000000091500000, 0x0000000091500000| Untracked 
| 278|0x0000000091600000, 0x0000000091600000, 0x0000000091700000|  0%| F|  |TAMS 0x0000000091600000, 0x0000000091600000| Untracked 
| 279|0x0000000091700000, 0x0000000091700000, 0x0000000091800000|  0%| F|  |TAMS 0x0000000091700000, 0x0000000091700000| Untracked 
| 280|0x0000000091800000, 0x0000000091800000, 0x0000000091900000|  0%| F|  |TAMS 0x0000000091800000, 0x0000000091800000| Untracked 
| 281|0x0000000091900000, 0x0000000091900000, 0x0000000091a00000|  0%| F|  |TAMS 0x0000000091900000, 0x0000000091900000| Untracked 
| 282|0x0000000091a00000, 0x0000000091a00000, 0x0000000091b00000|  0%| F|  |TAMS 0x0000000091a00000, 0x0000000091a00000| Untracked 
| 283|0x0000000091b00000, 0x0000000091b00000, 0x0000000091c00000|  0%| F|  |TAMS 0x0000000091b00000, 0x0000000091b00000| Untracked 
| 284|0x0000000091c00000, 0x0000000091c00000, 0x0000000091d00000|  0%| F|  |TAMS 0x0000000091c00000, 0x0000000091c00000| Untracked 
| 285|0x0000000091d00000, 0x0000000091d00000, 0x0000000091e00000|  0%| F|  |TAMS 0x0000000091d00000, 0x0000000091d00000| Untracked 
| 286|0x0000000091e00000, 0x0000000091e00000, 0x0000000091f00000|  0%| F|  |TAMS 0x0000000091e00000, 0x0000000091e00000| Untracked 
| 287|0x0000000091f00000, 0x0000000091f00000, 0x0000000092000000|  0%| F|  |TAMS 0x0000000091f00000, 0x0000000091f00000| Untracked 
| 288|0x0000000092000000, 0x0000000092000000, 0x0000000092100000|  0%| F|  |TAMS 0x0000000092000000, 0x0000000092000000| Untracked 
| 289|0x0000000092100000, 0x0000000092100000, 0x0000000092200000|  0%| F|  |TAMS 0x0000000092100000, 0x0000000092100000| Untracked 
| 290|0x0000000092200000, 0x0000000092200000, 0x0000000092300000|  0%| F|  |TAMS 0x0000000092200000, 0x0000000092200000| Untracked 
| 291|0x0000000092300000, 0x0000000092300000, 0x0000000092400000|  0%| F|  |TAMS 0x0000000092300000, 0x0000000092300000| Untracked 
| 292|0x0000000092400000, 0x0000000092400000, 0x0000000092500000|  0%| F|  |TAMS 0x0000000092400000, 0x0000000092400000| Untracked 
| 293|0x0000000092500000, 0x0000000092500000, 0x0000000092600000|  0%| F|  |TAMS 0x0000000092500000, 0x0000000092500000| Untracked 
| 294|0x0000000092600000, 0x0000000092600000, 0x0000000092700000|  0%| F|  |TAMS 0x0000000092600000, 0x0000000092600000| Untracked 
| 295|0x0000000092700000, 0x0000000092700000, 0x0000000092800000|  0%| F|  |TAMS 0x0000000092700000, 0x0000000092700000| Untracked 
| 296|0x0000000092800000, 0x0000000092800000, 0x0000000092900000|  0%| F|  |TAMS 0x0000000092800000, 0x0000000092800000| Untracked 
| 297|0x0000000092900000, 0x0000000092900000, 0x0000000092a00000|  0%| F|  |TAMS 0x0000000092900000, 0x0000000092900000| Untracked 
| 298|0x0000000092a00000, 0x0000000092a00000, 0x0000000092b00000|  0%| F|  |TAMS 0x0000000092a00000, 0x0000000092a00000| Untracked 
| 299|0x0000000092b00000, 0x0000000092b00000, 0x0000000092c00000|  0%| F|  |TAMS 0x0000000092b00000, 0x0000000092b00000| Untracked 
| 300|0x0000000092c00000, 0x0000000092c00000, 0x0000000092d00000|  0%| F|  |TAMS 0x0000000092c00000, 0x0000000092c00000| Untracked 
| 301|0x0000000092d00000, 0x0000000092d00000, 0x0000000092e00000|  0%| F|  |TAMS 0x0000000092d00000, 0x0000000092d00000| Untracked 
| 302|0x0000000092e00000, 0x0000000092e00000, 0x0000000092f00000|  0%| F|  |TAMS 0x0000000092e00000, 0x0000000092e00000| Untracked 
| 303|0x0000000092f00000, 0x0000000092f00000, 0x0000000093000000|  0%| F|  |TAMS 0x0000000092f00000, 0x0000000092f00000| Untracked 
| 304|0x0000000093000000, 0x0000000093000000, 0x0000000093100000|  0%| F|  |TAMS 0x0000000093000000, 0x0000000093000000| Untracked 
| 305|0x0000000093100000, 0x0000000093100000, 0x0000000093200000|  0%| F|  |TAMS 0x0000000093100000, 0x0000000093100000| Untracked 
| 306|0x0000000093200000, 0x0000000093200000, 0x0000000093300000|  0%| F|  |TAMS 0x0000000093200000, 0x0000000093200000| Untracked 
| 307|0x0000000093300000, 0x0000000093300000, 0x0000000093400000|  0%| F|  |TAMS 0x0000000093300000, 0x0000000093300000| Untracked 
| 308|0x0000000093400000, 0x0000000093400000, 0x0000000093500000|  0%| F|  |TAMS 0x0000000093400000, 0x0000000093400000| Untracked 
| 309|0x0000000093500000, 0x0000000093500000, 0x0000000093600000|  0%| F|  |TAMS 0x0000000093500000, 0x0000000093500000| Untracked 
| 310|0x0000000093600000, 0x0000000093600000, 0x0000000093700000|  0%| F|  |TAMS 0x0000000093600000, 0x0000000093600000| Untracked 
| 311|0x0000000093700000, 0x0000000093700000, 0x0000000093800000|  0%| F|  |TAMS 0x0000000093700000, 0x0000000093700000| Untracked 
| 312|0x0000000093800000, 0x0000000093800000, 0x0000000093900000|  0%| F|  |TAMS 0x0000000093800000, 0x0000000093800000| Untracked 
| 313|0x0000000093900000, 0x0000000093900000, 0x0000000093a00000|  0%| F|  |TAMS 0x0000000093900000, 0x0000000093900000| Untracked 
| 314|0x0000000093a00000, 0x0000000093a00000, 0x0000000093b00000|  0%| F|  |TAMS 0x0000000093a00000, 0x0000000093a00000| Untracked 
| 315|0x0000000093b00000, 0x0000000093b00000, 0x0000000093c00000|  0%| F|  |TAMS 0x0000000093b00000, 0x0000000093b00000| Untracked 
| 316|0x0000000093c00000, 0x0000000093c00000, 0x0000000093d00000|  0%| F|  |TAMS 0x0000000093c00000, 0x0000000093c00000| Untracked 
| 317|0x0000000093d00000, 0x0000000093d00000, 0x0000000093e00000|  0%| F|  |TAMS 0x0000000093d00000, 0x0000000093d00000| Untracked 
| 318|0x0000000093e00000, 0x0000000093e00000, 0x0000000093f00000|  0%| F|  |TAMS 0x0000000093e00000, 0x0000000093e00000| Untracked 
| 319|0x0000000093f00000, 0x0000000093f00000, 0x0000000094000000|  0%| F|  |TAMS 0x0000000093f00000, 0x0000000093f00000| Untracked 
| 320|0x0000000094000000, 0x0000000094000000, 0x0000000094100000|  0%| F|  |TAMS 0x0000000094000000, 0x0000000094000000| Untracked 
| 321|0x0000000094100000, 0x0000000094100000, 0x0000000094200000|  0%| F|  |TAMS 0x0000000094100000, 0x0000000094100000| Untracked 
| 322|0x0000000094200000, 0x0000000094200000, 0x0000000094300000|  0%| F|  |TAMS 0x0000000094200000, 0x0000000094200000| Untracked 
| 323|0x0000000094300000, 0x0000000094300000, 0x0000000094400000|  0%| F|  |TAMS 0x0000000094300000, 0x0000000094300000| Untracked 
| 324|0x0000000094400000, 0x0000000094400000, 0x0000000094500000|  0%| F|  |TAMS 0x0000000094400000, 0x0000000094400000| Untracked 
| 325|0x0000000094500000, 0x0000000094500000, 0x0000000094600000|  0%| F|  |TAMS 0x0000000094500000, 0x0000000094500000| Untracked 
| 326|0x0000000094600000, 0x0000000094600000, 0x0000000094700000|  0%| F|  |TAMS 0x0000000094600000, 0x0000000094600000| Untracked 
| 327|0x0000000094700000, 0x0000000094700000, 0x0000000094800000|  0%| F|  |TAMS 0x0000000094700000, 0x0000000094700000| Untracked 
| 328|0x0000000094800000, 0x0000000094800000, 0x0000000094900000|  0%| F|  |TAMS 0x0000000094800000, 0x0000000094800000| Untracked 
| 329|0x0000000094900000, 0x0000000094900000, 0x0000000094a00000|  0%| F|  |TAMS 0x0000000094900000, 0x0000000094900000| Untracked 
| 330|0x0000000094a00000, 0x0000000094a00000, 0x0000000094b00000|  0%| F|  |TAMS 0x0000000094a00000, 0x0000000094a00000| Untracked 
| 331|0x0000000094b00000, 0x0000000094b00000, 0x0000000094c00000|  0%| F|  |TAMS 0x0000000094b00000, 0x0000000094b00000| Untracked 
| 332|0x0000000094c00000, 0x0000000094c00000, 0x0000000094d00000|  0%| F|  |TAMS 0x0000000094c00000, 0x0000000094c00000| Untracked 
| 333|0x0000000094d00000, 0x0000000094db9110, 0x0000000094e00000| 72%| E|  |TAMS 0x0000000094d00000, 0x0000000094d00000| Complete 

Card table byte_map: [0x0000025ebb400000,0x0000025ebb800000] _byte_map_base: 0x0000025ebb000000

Marking Bits (Prev, Next): (CMBitMap*) 0x0000025ea854ce20, (CMBitMap*) 0x0000025ea854cde8
 Prev Bits: [0x0000025ebdc00000, 0x0000025ebfc00000)
 Next Bits: [0x0000025ebbc00000, 0x0000025ebdc00000)

Polling page: 0x0000025ea6410000

Metaspace:

Usage:
  Non-class:    133.01 MB capacity,   129.19 MB ( 97%) used,     3.15 MB (  2%) free+waste,   694.56 KB ( <1%) overhead. 
      Class:     19.97 MB capacity,    17.85 MB ( 89%) used,     1.82 MB (  9%) free+waste,   304.69 KB (  1%) overhead. 
       Both:    152.99 MB capacity,   147.04 MB ( 96%) used,     4.97 MB (  3%) free+waste,   999.25 KB ( <1%) overhead. 

Virtual space:
  Non-class space:      138.00 MB reserved,     137.34 MB (>99%) committed 
      Class space:        1.00 GB reserved,      20.95 MB (  2%) committed 
             Both:        1.13 GB reserved,     158.29 MB ( 14%) committed 

Chunk freelists:
   Non-Class:  4.20 MB
       Class:  926.00 KB
        Both:  5.10 MB

MaxMetaspaceSize: 17179869184.00 GB
CompressedClassSpaceSize: 1.00 GB
Initial GC threshold: 20.80 MB
Current GC threshold: 263.81 MB
CDS: off

CodeHeap 'non-profiled nmethods': size=120064Kb used=27941Kb max_used=28047Kb free=92122Kb
 bounds [0x0000025eb3ac0000, 0x0000025eb5630000, 0x0000025ebb000000]
CodeHeap 'profiled nmethods': size=120000Kb used=61806Kb max_used=65601Kb free=58193Kb
 bounds [0x0000025eac590000, 0x0000025eb05e0000, 0x0000025eb3ac0000]
CodeHeap 'non-nmethods': size=5696Kb used=2489Kb max_used=2559Kb free=3206Kb
 bounds [0x0000025eac000000, 0x0000025eac2a0000, 0x0000025eac590000]
 total_blobs=30621 nmethods=29599 adapters=932
 compilation: enabled
              stopped_count=0, restarted_count=0
 full_count=0

Compilation events (20 events):
Event: 19335.339 Thread 0x0000025ec2a92800 nmethod 48696 0x0000025eb3e9ba90 code [0x0000025eb3e9bc20, 0x0000025eb3e9bc98]
Event: 19335.456 Thread 0x0000025ec2123000 48697       3       kotlin.collections.AbstractIterator::done (8 bytes)
Event: 19335.457 Thread 0x0000025ec2123000 nmethod 48697 0x0000025eadfd3410 code [0x0000025eadfd35c0, 0x0000025eadfd3718]
Event: 19335.518 Thread 0x0000025ec2123000 48698       3       org.jetbrains.kotlin.utils.SmartList::<init> (5 bytes)
Event: 19335.518 Thread 0x0000025ec2123000 nmethod 48698 0x0000025eae5c9090 code [0x0000025eae5c9260, 0x0000025eae5c9478]
Event: 19335.533 Thread 0x0000025ec2123000 48699       3       org.jetbrains.kotlin.compilerRunner.GradleCompilerRunnerWithWorkers$GradleKotlinCompilerWorkParameters_Decorated::$gradleFactory (13 bytes)
Event: 19335.535 Thread 0x0000025ec2123000 nmethod 48699 0x0000025eaebe6890 code [0x0000025eaebe6a80, 0x0000025eaebe7008]
Event: 19335.536 Thread 0x0000025ec2123000 48700       3       java.io.ObjectOutputStream::writeClass (37 bytes)
Event: 19335.537 Thread 0x0000025ec2123000 nmethod 48700 0x0000025eadc14d10 code [0x0000025eadc14f00, 0x0000025eadc15258]
Event: 19335.555 Thread 0x0000025ec2a92800 48701   !   4       org.gradle.internal.io.ClassLoaderObjectInputStream::resolveClass (20 bytes)
Event: 19335.558 Thread 0x0000025ec2a92800 nmethod 48701 0x0000025eb3e9b410 code [0x0000025eb3e9b5c0, 0x0000025eb3e9b6d8]
Event: 19335.559 Thread 0x0000025ec2123000 48702       3       org.jetbrains.kotlin.compilerRunner.GradleCompilerRunnerWithWorkers$GradleKotlinCompilerWorkAction$Inject::getParameters (31 bytes)
Event: 19335.560 Thread 0x0000025ec2123000 nmethod 48702 0x0000025ead111e10 code [0x0000025ead112000, 0x0000025ead112618]
Event: 19335.571 Thread 0x0000025ec2a92800 48703   !   4       java.util.Formatter::format (280 bytes)
Event: 19335.619 Thread 0x0000025ec2123000 48704       3       java.rmi.server.RemoteObjectInvocationHandler::invoke (84 bytes)
Event: 19335.623 Thread 0x0000025ec2123000 nmethod 48704 0x0000025eae152990 code [0x0000025eae152d00, 0x0000025eae1541e8]
Event: 19335.623 Thread 0x0000025ec2123000 48705   !   3       java.rmi.server.RemoteObjectInvocationHandler::invokeRemoteMethod (190 bytes)
Event: 19335.626 Thread 0x0000025ec2123000 nmethod 48705 0x0000025ead322110 code [0x0000025ead322460, 0x0000025ead323a98]
Event: 19335.626 Thread 0x0000025ec2123000 48706       3       java.rmi.server.RemoteObjectInvocationHandler::getMethodHash (26 bytes)
Event: 19335.627 Thread 0x0000025ec2123000 nmethod 48706 0x0000025ead3a3510 code [0x0000025ead3a3700, 0x0000025ead3a3b98]

GC Heap History (20 events):
Event: 19257.833 GC heap before
{Heap before GC invocations=318 (full 0):
 garbage-first heap   total 342016K, used 251851K [0x0000000080000000, 0x0000000100000000)
  region size 1024K, 111 young (113664K), 8 survivors (8192K)
 Metaspace       used 151842K, capacity 158101K, committed 162084K, reserved 1189888K
  class space    used 18491K, capacity 20735K, committed 21452K, reserved 1048576K
}
Event: 19257.918 GC heap after
{Heap after GC invocations=319 (full 0):
 garbage-first heap   total 342016K, used 156506K [0x0000000080000000, 0x0000000100000000)
  region size 1024K, 14 young (14336K), 14 survivors (14336K)
 Metaspace       used 151842K, capacity 158101K, committed 162084K, reserved 1189888K
  class space    used 18491K, capacity 20735K, committed 21452K, reserved 1048576K
}
Event: 19257.933 GC heap before
{Heap before GC invocations=319 (full 0):
 garbage-first heap   total 342016K, used 158554K [0x0000000080000000, 0x0000000100000000)
  region size 1024K, 16 young (16384K), 14 survivors (14336K)
 Metaspace       used 151868K, capacity 158101K, committed 162084K, reserved 1189888K
  class space    used 18492K, capacity 20735K, committed 21452K, reserved 1048576K
}
Event: 19258.003 GC heap after
{Heap after GC invocations=320 (full 0):
 garbage-first heap   total 342016K, used 156672K [0x0000000080000000, 0x0000000100000000)
  region size 1024K, 2 young (2048K), 2 survivors (2048K)
 Metaspace       used 151868K, capacity 158101K, committed 162084K, reserved 1189888K
  class space    used 18492K, capacity 20735K, committed 21452K, reserved 1048576K
}
Event: 19259.756 GC heap before
{Heap before GC invocations=320 (full 0):
 garbage-first heap   total 342016K, used 231424K [0x0000000080000000, 0x0000000100000000)
  region size 1024K, 76 young (77824K), 2 survivors (2048K)
 Metaspace       used 154617K, capacity 161123K, committed 162084K, reserved 1189888K
  class space    used 18931K, capacity 21271K, committed 21452K, reserved 1048576K
}
Event: 19259.784 GC heap after
{Heap after GC invocations=321 (full 0):
 garbage-first heap   total 342016K, used 159898K [0x0000000080000000, 0x0000000100000000)
  region size 1024K, 6 young (6144K), 6 survivors (6144K)
 Metaspace       used 154617K, capacity 161123K, committed 162084K, reserved 1189888K
  class space    used 18931K, capacity 21271K, committed 21452K, reserved 1048576K
}
Event: 19262.437 GC heap before
{Heap before GC invocations=322 (full 0):
 garbage-first heap   total 342016K, used 266394K [0x0000000080000000, 0x0000000100000000)
  region size 1024K, 107 young (109568K), 6 survivors (6144K)
 Metaspace       used 154790K, capacity 161234K, committed 162084K, reserved 1189888K
  class space    used 18934K, capacity 21273K, committed 21452K, reserved 1048576K
}
Event: 19262.454 GC heap after
{Heap after GC invocations=323 (full 0):
 garbage-first heap   total 342016K, used 161210K [0x0000000080000000, 0x0000000100000000)
  region size 1024K, 6 young (6144K), 6 survivors (6144K)
 Metaspace       used 154790K, capacity 161234K, committed 162084K, reserved 1189888K
  class space    used 18934K, capacity 21273K, committed 21452K, reserved 1048576K
}
Event: 19262.598 GC heap before
{Heap before GC invocations=323 (full 0):
 garbage-first heap   total 342016K, used 171450K [0x0000000080000000, 0x0000000100000000)
  region size 1024K, 16 young (16384K), 6 survivors (6144K)
 Metaspace       used 154801K, capacity 161298K, committed 162084K, reserved 1189888K
  class space    used 18934K, capacity 21273K, committed 21452K, reserved 1048576K
}
Event: 19262.640 GC heap after
{Heap after GC invocations=324 (full 0):
 garbage-first heap   total 342016K, used 145323K [0x0000000080000000, 0x0000000100000000)
  region size 1024K, 1 young (1024K), 1 survivors (1024K)
 Metaspace       used 154801K, capacity 161298K, committed 162084K, reserved 1189888K
  class space    used 18934K, capacity 21273K, committed 21452K, reserved 1048576K
}
Event: 19262.735 GC heap before
{Heap before GC invocations=324 (full 0):
 garbage-first heap   total 342016K, used 150443K [0x0000000080000000, 0x0000000100000000)
  region size 1024K, 8 young (8192K), 1 survivors (1024K)
 Metaspace       used 154805K, capacity 161304K, committed 162084K, reserved 1189888K
  class space    used 18935K, capacity 21274K, committed 21452K, reserved 1048576K
}
Event: 19262.744 GC heap after
{Heap after GC invocations=325 (full 0):
 garbage-first heap   total 342016K, used 145375K [0x0000000080000000, 0x0000000100000000)
  region size 1024K, 1 young (1024K), 1 survivors (1024K)
 Metaspace       used 154805K, capacity 161304K, committed 162084K, reserved 1189888K
  class space    used 18935K, capacity 21274K, committed 21452K, reserved 1048576K
}
Event: 19327.064 GC heap before
{Heap before GC invocations=326 (full 0):
 garbage-first heap   total 342016K, used 260063K [0x0000000080000000, 0x0000000100000000)
  region size 1024K, 100 young (102400K), 1 survivors (1024K)
 Metaspace       used 142133K, capacity 147909K, committed 162084K, reserved 1189888K
  class space    used 17288K, capacity 19338K, committed 21452K, reserved 1048576K
}
Event: 19327.159 GC heap after
{Heap after GC invocations=327 (full 0):
 garbage-first heap   total 342016K, used 151113K [0x0000000080000000, 0x0000000100000000)
  region size 1024K, 9 young (9216K), 9 survivors (9216K)
 Metaspace       used 142133K, capacity 147909K, committed 162084K, reserved 1189888K
  class space    used 17288K, capacity 19338K, committed 21452K, reserved 1048576K
}
Event: 19327.236 GC heap before
{Heap before GC invocations=327 (full 0):
 garbage-first heap   total 342016K, used 157257K [0x0000000080000000, 0x0000000100000000)
  region size 1024K, 16 young (16384K), 9 survivors (9216K)
 Metaspace       used 142135K, capacity 147909K, committed 162084K, reserved 1189888K
  class space    used 17288K, capacity 19338K, committed 21452K, reserved 1048576K
}
Event: 19327.340 GC heap after
{Heap after GC invocations=328 (full 0):
 garbage-first heap   total 342016K, used 141823K [0x0000000080000000, 0x0000000100000000)
  region size 1024K, 2 young (2048K), 2 survivors (2048K)
 Metaspace       used 142135K, capacity 147909K, committed 162084K, reserved 1189888K
  class space    used 17288K, capacity 19338K, committed 21452K, reserved 1048576K
}
Event: 19331.469 GC heap before
{Heap before GC invocations=328 (full 0):
 garbage-first heap   total 342016K, used 152063K [0x0000000080000000, 0x0000000100000000)
  region size 1024K, 13 young (13312K), 2 survivors (2048K)
 Metaspace       used 142137K, capacity 147910K, committed 162084K, reserved 1189888K
  class space    used 17288K, capacity 19338K, committed 21452K, reserved 1048576K
}
Event: 19331.492 GC heap after
{Heap after GC invocations=329 (full 0):
 garbage-first heap   total 342016K, used 141574K [0x0000000080000000, 0x0000000100000000)
  region size 1024K, 2 young (2048K), 2 survivors (2048K)
 Metaspace       used 142137K, capacity 147910K, committed 162084K, reserved 1189888K
  class space    used 17288K, capacity 19338K, committed 21452K, reserved 1048576K
}
Event: 19335.661 GC heap before
{Heap before GC invocations=330 (full 0):
 garbage-first heap   total 342016K, used 263430K [0x0000000080000000, 0x0000000100000000)
  region size 1024K, 112 young (114688K), 2 survivors (2048K)
 Metaspace       used 150567K, capacity 156657K, committed 162084K, reserved 1189888K
  class space    used 18278K, capacity 20450K, committed 21452K, reserved 1048576K
}
Event: 19335.686 GC heap after
{Heap after GC invocations=331 (full 0):
 garbage-first heap   total 342016K, used 144942K [0x0000000080000000, 0x0000000100000000)
  region size 1024K, 4 young (4096K), 4 survivors (4096K)
 Metaspace       used 150567K, capacity 156657K, committed 162084K, reserved 1189888K
  class space    used 18278K, capacity 20450K, committed 21452K, reserved 1048576K
}

Deoptimization events (20 events):
Event: 19262.037 Thread 0x0000025ecab63800 DEOPT PACKING pc=0x0000025eae99da1d sp=0x0000008fffafcff0
Event: 19262.037 Thread 0x0000025ecab63800 DEOPT UNPACKING pc=0x0000025eac04a95e sp=0x0000008fffafc4e0 mode 0
Event: 19262.041 Thread 0x0000025ecab63800 DEOPT PACKING pc=0x0000025eae99da1d sp=0x0000008fffafcff0
Event: 19262.041 Thread 0x0000025ecab63800 DEOPT UNPACKING pc=0x0000025eac04a95e sp=0x0000008fffafc4e0 mode 0
Event: 19262.048 Thread 0x0000025ecab63800 Uncommon trap: trap_request=0xffffffdc fr.pc=0x0000025eb5603838 relative=0x00000000000002f8
Event: 19262.048 Thread 0x0000025ecab63800 Uncommon trap: reason=class_check action=make_not_entrant pc=0x0000025eb5603838 method=java.util.ArrayList$SubList.toArray([Ljava/lang/Object;)[Ljava/lang/Object; @ 37 c2
Event: 19262.048 Thread 0x0000025ecab63800 DEOPT PACKING pc=0x0000025eb5603838 sp=0x0000008fffafd190
Event: 19262.048 Thread 0x0000025ecab63800 DEOPT UNPACKING pc=0x0000025eac04a1af sp=0x0000008fffafd148 mode 2
Event: 19262.064 Thread 0x0000025ecab63800 DEOPT PACKING pc=0x0000025eae6a5259 sp=0x0000008fffafd290
Event: 19262.064 Thread 0x0000025ecab63800 DEOPT UNPACKING pc=0x0000025eac04a95e sp=0x0000008fffafc7e8 mode 0
Event: 19262.077 Thread 0x0000025ecab63800 Uncommon trap: trap_request=0xffffff4d fr.pc=0x0000025eb4f214dc relative=0x00000000000013bc
Event: 19262.077 Thread 0x0000025ecab63800 Uncommon trap: reason=unstable_if action=reinterpret pc=0x0000025eb4f214dc method=com.android.tools.r8.dex.e.c(I)V @ 8 c2
Event: 19262.077 Thread 0x0000025ecab63800 DEOPT PACKING pc=0x0000025eb4f214dc sp=0x0000008fffafcd90
Event: 19262.077 Thread 0x0000025ecab63800 DEOPT UNPACKING pc=0x0000025eac04a1af sp=0x0000008fffafcce0 mode 2
Event: 19262.393 Thread 0x0000025ec6223000 DEOPT PACKING pc=0x0000025eac6a767e sp=0x0000008ffeffd230
Event: 19262.394 Thread 0x0000025ec6223000 DEOPT UNPACKING pc=0x0000025eac04a95e sp=0x0000008ffeffc7c8 mode 0
Event: 19326.393 Thread 0x0000025ec6818800 DEOPT PACKING pc=0x0000025eaf325cd2 sp=0x0000008ffa5f9af0
Event: 19326.394 Thread 0x0000025ec6818800 DEOPT UNPACKING pc=0x0000025eac04a95e sp=0x0000008ffa5f8e68 mode 0
Event: 19326.964 Thread 0x0000025ec6818800 DEOPT PACKING pc=0x0000025eb00809da sp=0x0000008ffa5f7ae0
Event: 19326.965 Thread 0x0000025ec6818800 DEOPT UNPACKING pc=0x0000025eac04a95e sp=0x0000008ffa5f6f40 mode 0

Classes redefined (0 events):
No events

Internal exceptions (20 events):
Event: 19335.106 Thread 0x0000025ec6819000 Exception <a 'sun/nio/fs/WindowsException'{0x000000008ec40d30}> (0x000000008ec40d30) thrown at [./src/hotspot/share/prims/jni.cpp, line 615]
Event: 19335.106 Thread 0x0000025ec6819000 Exception <a 'sun/nio/fs/WindowsException'{0x000000008ec43f00}> (0x000000008ec43f00) thrown at [./src/hotspot/share/prims/jni.cpp, line 615]
Event: 19335.106 Thread 0x0000025ec6819000 Exception <a 'sun/nio/fs/WindowsException'{0x000000008ec43f80}> (0x000000008ec43f80) thrown at [./src/hotspot/share/prims/jni.cpp, line 615]
Event: 19335.107 Thread 0x0000025ec6819000 Exception <a 'sun/nio/fs/WindowsException'{0x000000008ec45360}> (0x000000008ec45360) thrown at [./src/hotspot/share/prims/jni.cpp, line 615]
Event: 19335.107 Thread 0x0000025ec6819000 Exception <a 'sun/nio/fs/WindowsException'{0x000000008ec453e0}> (0x000000008ec453e0) thrown at [./src/hotspot/share/prims/jni.cpp, line 615]
Event: 19335.107 Thread 0x0000025ec6819000 Exception <a 'sun/nio/fs/WindowsException'{0x000000008ec467a0}> (0x000000008ec467a0) thrown at [./src/hotspot/share/prims/jni.cpp, line 615]
Event: 19335.107 Thread 0x0000025ec6819000 Exception <a 'sun/nio/fs/WindowsException'{0x000000008ec46820}> (0x000000008ec46820) thrown at [./src/hotspot/share/prims/jni.cpp, line 615]
Event: 19335.107 Thread 0x0000025ec6819000 Exception <a 'sun/nio/fs/WindowsException'{0x000000008ec49430}> (0x000000008ec49430) thrown at [./src/hotspot/share/prims/jni.cpp, line 615]
Event: 19335.107 Thread 0x0000025ec6819000 Exception <a 'sun/nio/fs/WindowsException'{0x000000008ec494b0}> (0x000000008ec494b0) thrown at [./src/hotspot/share/prims/jni.cpp, line 615]
Event: 19335.107 Thread 0x0000025ec6819000 Exception <a 'sun/nio/fs/WindowsException'{0x000000008ec4a900}> (0x000000008ec4a900) thrown at [./src/hotspot/share/prims/jni.cpp, line 615]
Event: 19335.107 Thread 0x0000025ec6819000 Exception <a 'sun/nio/fs/WindowsException'{0x000000008ec4a980}> (0x000000008ec4a980) thrown at [./src/hotspot/share/prims/jni.cpp, line 615]
Event: 19335.107 Thread 0x0000025ec6819000 Exception <a 'sun/nio/fs/WindowsException'{0x000000008ec4bdb0}> (0x000000008ec4bdb0) thrown at [./src/hotspot/share/prims/jni.cpp, line 615]
Event: 19335.107 Thread 0x0000025ec6819000 Exception <a 'sun/nio/fs/WindowsException'{0x000000008ec4be30}> (0x000000008ec4be30) thrown at [./src/hotspot/share/prims/jni.cpp, line 615]
Event: 19335.107 Thread 0x0000025ec6819000 Exception <a 'sun/nio/fs/WindowsException'{0x000000008ec5a9e8}> (0x000000008ec5a9e8) thrown at [./src/hotspot/share/prims/jni.cpp, line 615]
Event: 19335.107 Thread 0x0000025ec6819000 Exception <a 'sun/nio/fs/WindowsException'{0x000000008ec5aa68}> (0x000000008ec5aa68) thrown at [./src/hotspot/share/prims/jni.cpp, line 615]
Event: 19335.107 Thread 0x0000025ec6819000 Exception <a 'sun/nio/fs/WindowsException'{0x000000008ec5bdd8}> (0x000000008ec5bdd8) thrown at [./src/hotspot/share/prims/jni.cpp, line 615]
Event: 19335.107 Thread 0x0000025ec6819000 Exception <a 'sun/nio/fs/WindowsException'{0x000000008ec5be58}> (0x000000008ec5be58) thrown at [./src/hotspot/share/prims/jni.cpp, line 615]
Event: 19335.107 Thread 0x0000025ec6819000 Exception <a 'sun/nio/fs/WindowsException'{0x000000008ec5d1b0}> (0x000000008ec5d1b0) thrown at [./src/hotspot/share/prims/jni.cpp, line 615]
Event: 19335.107 Thread 0x0000025ec6819000 Exception <a 'sun/nio/fs/WindowsException'{0x000000008ec5d230}> (0x000000008ec5d230) thrown at [./src/hotspot/share/prims/jni.cpp, line 615]
Event: 19335.639 Thread 0x0000025ec681b800 Exception <a 'java/lang/InterruptedException'{0x000000008dfd0940}> (0x000000008dfd0940) thrown at [./src/hotspot/share/runtime/objectMonitor.cpp, line 1635]

Events (20 events):
Event: 19335.018 loading class dagger/spi/shaded/androidx/room/compiler/processing/XTypeElement done
Event: 19335.018 loading class dagger/spi/shaded/androidx/room/compiler/processing/XTypeElement
Event: 19335.018 loading class dagger/spi/shaded/androidx/room/compiler/processing/XTypeElement done
Event: 19335.018 loading class dagger/spi/shaded/androidx/room/compiler/processing/XTypeElement
Event: 19335.018 loading class dagger/spi/shaded/androidx/room/compiler/processing/XTypeElement done
Event: 19335.018 loading class dagger/internal/codegen/ModuleProcessingStep
Event: 19335.018 loading class dagger/internal/codegen/ModuleProcessingStep done
Event: 19335.029 loading class dagger/internal/codegen/base/ClearableCache
Event: 19335.029 loading class dagger/internal/codegen/base/ClearableCache done
Event: 19335.047 Executing VM operation: ICBufferFull
Event: 19335.047 Executing VM operation: ICBufferFull done
Event: 19335.127 loading class dagger/internal/codegen/validation/TypeCheckingProcessingStep
Event: 19335.127 loading class dagger/internal/codegen/validation/TypeCheckingProcessingStep done
Event: 19335.545 Thread 0x0000025ec681a800 Thread added: 0x0000025ec681a800
Event: 19335.587 Thread 0x0000025ec681b800 Thread added: 0x0000025ec681b800
Event: 19335.590 Executing VM operation: RevokeBias
Event: 19335.591 Executing VM operation: RevokeBias done
Event: 19335.660 Executing VM operation: G1CollectForAllocation
Event: 19335.686 Executing VM operation: G1CollectForAllocation done
Event: 19335.703 Thread 0x0000025ec681c800 Thread added: 0x0000025ec681c800


Dynamic libraries:
0x00007ff602370000 - 0x00007ff60237a000 	D:\Android Studio\jre\bin\java.exe
0x00007fff208d0000 - 0x00007fff20ac8000 	C:\Windows\SYSTEM32\ntdll.dll
0x00007fff1e930000 - 0x00007fff1e9ed000 	C:\Windows\System32\KERNEL32.DLL
0x00007fff1e4f0000 - 0x00007fff1e7c2000 	C:\Windows\System32\KERNELBASE.dll
0x00007fff1e1d0000 - 0x00007fff1e2d0000 	C:\Windows\System32\ucrtbase.dll
0x00007ffef7620000 - 0x00007ffef7639000 	D:\Android Studio\jre\bin\jli.dll
0x00007fff20520000 - 0x00007fff206bd000 	C:\Windows\System32\USER32.dll
0x00007fff1e2d0000 - 0x00007fff1e2f2000 	C:\Windows\System32\win32u.dll
0x00007fff206d0000 - 0x00007fff206fb000 	C:\Windows\System32\GDI32.dll
0x00007fff1e300000 - 0x00007fff1e40f000 	C:\Windows\System32\gdi32full.dll
0x00007fff1e010000 - 0x00007fff1e0ad000 	C:\Windows\System32\msvcp_win.dll
0x00007fff16880000 - 0x00007fff16b1a000 	C:\Windows\WinSxS\amd64_microsoft.windows.common-controls_6595b64144ccf1df_6.0.19041.1110_none_60b5254171f9507e\COMCTL32.dll
0x00007fff1fd30000 - 0x00007fff1fdce000 	C:\Windows\System32\msvcrt.dll
0x00007ffef7440000 - 0x00007ffef7457000 	D:\Android Studio\jre\bin\VCRUNTIME140.dll
0x00007fff1fa60000 - 0x00007fff1fa90000 	C:\Windows\System32\IMM32.DLL
0x00007fff1dd30000 - 0x00007fff1dd7b000 	C:\Windows\SYSTEM32\AvCNG.dll
0x00007fff1e9f0000 - 0x00007fff1ea9e000 	C:\Windows\System32\ADVAPI32.dll
0x00007fff1ef10000 - 0x00007fff1efac000 	C:\Windows\System32\sechost.dll
0x00007fff1fa90000 - 0x00007fff1fbb5000 	C:\Windows\System32\RPCRT4.dll
0x00007fff1dfe0000 - 0x00007fff1e007000 	C:\Windows\System32\bcrypt.dll
0x00007fff1dc90000 - 0x00007fff1dd25000 	C:\Program Files\Common Files\Avest\Avest CSP\avsspc.dll
0x00007fff1f010000 - 0x00007fff1f065000 	C:\Windows\System32\SHLWAPI.dll
0x00007ffebe4d0000 - 0x00007ffebe56d000 	D:\Android Studio\jre\bin\msvcp140.dll
0x00007ffec8a30000 - 0x00007ffec9515000 	D:\Android Studio\jre\bin\server\jvm.dll
0x00007fff1f900000 - 0x00007fff1f908000 	C:\Windows\System32\PSAPI.DLL
0x00007fff02f00000 - 0x00007fff02f09000 	C:\Windows\SYSTEM32\WSOCK32.dll
0x00007fff06290000 - 0x00007fff062b7000 	C:\Windows\SYSTEM32\WINMM.dll
0x00007fff1fca0000 - 0x00007fff1fd0b000 	C:\Windows\System32\WS2_32.dll
0x00007fff176e0000 - 0x00007fff176ea000 	C:\Windows\SYSTEM32\VERSION.dll
0x00007fff1c740000 - 0x00007fff1c752000 	C:\Windows\SYSTEM32\kernel.appcore.dll
0x00007ffee7510000 - 0x00007ffee7521000 	D:\Android Studio\jre\bin\verify.dll
0x00007fff1bb60000 - 0x00007fff1bd44000 	C:\Windows\SYSTEM32\DBGHELP.DLL
0x00007fff0bfb0000 - 0x00007fff0bfdc000 	C:\Windows\SYSTEM32\dbgcore.DLL
0x00007fff1e460000 - 0x00007fff1e4e2000 	C:\Windows\System32\bcryptPrimitives.dll
0x00007ffecb3c0000 - 0x00007ffecb3e9000 	D:\Android Studio\jre\bin\java.dll
0x00007ffee9950000 - 0x00007ffee995b000 	D:\Android Studio\jre\bin\jimage.dll
0x00007ffecdcf0000 - 0x00007ffecdd08000 	D:\Android Studio\jre\bin\zip.dll
0x00007fff1fdd0000 - 0x00007fff20513000 	C:\Windows\System32\SHELL32.dll
0x00007fff1bf90000 - 0x00007fff1c721000 	C:\Windows\SYSTEM32\windows.storage.dll
0x00007fff1f480000 - 0x00007fff1f7d4000 	C:\Windows\System32\combase.dll
0x00007fff1d870000 - 0x00007fff1d8a0000 	C:\Windows\SYSTEM32\Wldp.dll
0x00007fff1f3d0000 - 0x00007fff1f47d000 	C:\Windows\System32\SHCORE.dll
0x00007fff1df20000 - 0x00007fff1df3f000 	C:\Windows\SYSTEM32\profapi.dll
0x00007ffecb0d0000 - 0x00007ffecb0ea000 	D:\Android Studio\jre\bin\net.dll
0x00007fff0b420000 - 0x00007fff0b52d000 	C:\Windows\SYSTEM32\WINHTTP.dll
0x00007fff1d5d0000 - 0x00007fff1d63a000 	C:\Windows\system32\mswsock.dll
0x00007ffecb070000 - 0x00007ffecb084000 	D:\Android Studio\jre\bin\nio.dll
0x00007ffee78c0000 - 0x00007ffee78e7000 	C:\Users\User\.gradle\native\e1d6ef7f7dcc3fd88c89a11ec53ec762bb8ba0a96d01ffa2cd45eb1d1d8dd5c5\windows-amd64\native-platform.dll
0x00007ffebe380000 - 0x00007ffebe4c4000 	C:\Users\User\.gradle\native\5664cfc778a61ccfe75a443a1ab52a65af34e5dc3c78e0209fed803814484fcb\windows-amd64\native-platform-file-events.dll
0x00007ffee7500000 - 0x00007ffee750a000 	D:\Android Studio\jre\bin\management.dll
0x00007ffee53b0000 - 0x00007ffee53bd000 	D:\Android Studio\jre\bin\management_ext.dll
0x00007fff1d7c0000 - 0x00007fff1d7d8000 	C:\Windows\SYSTEM32\CRYPTSP.dll
0x00007fff1cef0000 - 0x00007fff1cf24000 	C:\Windows\system32\rsaenh.dll
0x00007fff1dea0000 - 0x00007fff1dece000 	C:\Windows\SYSTEM32\USERENV.dll
0x00007fff1d7e0000 - 0x00007fff1d7ec000 	C:\Windows\SYSTEM32\CRYPTBASE.dll
0x00007fff1d2c0000 - 0x00007fff1d2fb000 	C:\Windows\SYSTEM32\IPHLPAPI.DLL
0x00007fff206c0000 - 0x00007fff206c8000 	C:\Windows\System32\NSI.dll
0x00007fff0bca0000 - 0x00007fff0bcb7000 	C:\Windows\SYSTEM32\dhcpcsvc6.DLL
0x00007fff124b0000 - 0x00007fff124cd000 	C:\Windows\SYSTEM32\dhcpcsvc.DLL
0x00007fff1d300000 - 0x00007fff1d3ca000 	C:\Windows\SYSTEM32\DNSAPI.dll
0x00007ffef48e0000 - 0x00007ffef48fe000 	C:\Users\User\AppData\Local\Temp\native-platform8090392165942833632dir\native-platform.dll
0x00007fff12560000 - 0x00007fff12568000 	D:\Android Studio\jre\bin\rmi.dll
0x00007fff1cf80000 - 0x00007fff1cfb3000 	C:\Windows\SYSTEM32\ntmarta.dll
0x00007ffef3750000 - 0x00007ffef3777000 	D:\Android Studio\jre\bin\sunec.dll

dbghelp: loaded successfully - version: 4.0.5 - missing functions: none
symbol engine: initialized successfully - sym options: 0x614 - pdb path: .;D:\Android Studio\jre\bin;C:\Windows\SYSTEM32;C:\Windows\WinSxS\amd64_microsoft.windows.common-controls_6595b64144ccf1df_6.0.19041.1110_none_60b5254171f9507e;C:\Program Files\Common Files\Avest\Avest CSP;D:\Android Studio\jre\bin\server;C:\Users\User\.gradle\native\e1d6ef7f7dcc3fd88c89a11ec53ec762bb8ba0a96d01ffa2cd45eb1d1d8dd5c5\windows-amd64;C:\Users\User\.gradle\native\5664cfc778a61ccfe75a443a1ab52a65af34e5dc3c78e0209fed803814484fcb\windows-amd64;C:\Users\User\AppData\Local\Temp\native-platform8090392165942833632dir

VM Arguments:
jvm_args: --add-opens=java.base/java.util=ALL-UNNAMED --add-opens=java.base/java.lang=ALL-UNNAMED --add-opens=java.base/java.lang.invoke=ALL-UNNAMED --add-opens=java.base/java.util=ALL-UNNAMED --add-opens=java.prefs/java.util.prefs=ALL-UNNAMED --add-opens=java.prefs/java.util.prefs=ALL-UNNAMED --add-opens=java.base/java.nio.charset=ALL-UNNAMED --add-opens=java.base/java.net=ALL-UNNAMED --add-opens=java.base/java.util.concurrent.atomic=ALL-UNNAMED -Xmx2048m -Dfile.encoding=UTF-8 -Duser.country=RU -Duser.language=ru -Duser.variant 
java_command: org.gradle.launcher.daemon.bootstrap.GradleDaemon 7.3.3
java_class_path (initial): C:\Users\User\.gradle\wrapper\dists\gradle-7.3.3-bin\6a41zxkdtcxs8rphpq6y0069z\gradle-7.3.3\lib\gradle-launcher-7.3.3.jar
Launcher Type: SUN_STANDARD

[Global flags]
     intx CICompilerCount                          = 3                                         {product} {ergonomic}
     uint ConcGCThreads                            = 1                                         {product} {ergonomic}
     uint G1ConcRefinementThreads                  = 4                                         {product} {ergonomic}
   size_t G1HeapRegionSize                         = 1048576                                   {product} {ergonomic}
    uintx GCDrainStackTargetSize                   = 64                                        {product} {ergonomic}
   size_t InitialHeapSize                          = 132120576                                 {product} {ergonomic}
   size_t MarkStackSize                            = 4194304                                   {product} {ergonomic}
   size_t MaxHeapSize                              = 2147483648                                {product} {command line}
   size_t MaxNewSize                               = 1287651328                                {product} {ergonomic}
   size_t MinHeapDeltaBytes                        = 1048576                                   {product} {ergonomic}
    uintx NonNMethodCodeHeapSize                   = 5830732                                {pd product} {ergonomic}
    uintx NonProfiledCodeHeapSize                  = 122913754                              {pd product} {ergonomic}
    uintx ProfiledCodeHeapSize                     = 122913754                              {pd product} {ergonomic}
    uintx ReservedCodeCacheSize                    = 251658240                              {pd product} {ergonomic}
     bool SegmentedCodeCache                       = true                                      {product} {ergonomic}
     bool UseCompressedClassPointers               = true                                 {lp64_product} {ergonomic}
     bool UseCompressedOops                        = true                                 {lp64_product} {ergonomic}
     bool UseG1GC                                  = true                                      {product} {ergonomic}
     bool UseLargePagesIndividualAllocation        = false                                  {pd product} {ergonomic}

Logging:
Log output configuration:
 #0: stdout all=warning uptime,level,tags
 #1: stderr all=off uptime,level,tags

Environment Variables:
JAVA_HOME=C:\Program Files\Java\jdk1.8.0_271
PATH=C:\Program Files (x86)\Common Files\Oracle\Java\javapath;C:\Windows\system32;C:\Windows;C:\Windows\System32\Wbem;C:\Windows\System32\WindowsPowerShell\v1.0\;C:\Windows\System32\OpenSSH\;c:\Program Files (x86)\Microsoft SQL Server\90\Tools\binn\;C:\Program Files\Microsoft SQL Server\110\Tools\Binn\;%JAVA_HOMA%\bin;C:\Program Files (x86)\Avest\AvPCM_nces;C:\Program Files\Git\cmd;C:\Users\User\AppData\Local\Microsoft\WindowsApps;;C:\Program Files\JetBrains\IntelliJ IDEA 2020.2.4\bin;
USERNAME=User
OS=Windows_NT
PROCESSOR_IDENTIFIER=Intel64 Family 6 Model 142 Stepping 12, GenuineIntel



---------------  S Y S T E M  ---------------

OS: Windows 10 , 64 bit Build 19041 (10.0.19041.1889)
OS uptime: 7 days 4:48 hours

CPU:total 4 (initial active 4) (2 cores per cpu, 2 threads per core) family 6 model 142 stepping 12 microcode 0xd6, cmov, cx8, fxsr, mmx, sse, sse2, sse3, ssse3, sse4.1, sse4.2, popcnt, avx, avx2, aes, clmul, erms, 3dnowpref, lzcnt, ht, tsc, tscinvbit, bmi1, bmi2, adx, fma

Memory: 4k page, system-wide physical 8026M (253M free)
TotalPageFile size 21847M (AvailPageFile size 4M)
current process WorkingSet (physical memory assigned to process): 399M, peak: 645M
current process commit charge ("private bytes"): 795M, peak: 804M

vm_info: OpenJDK 64-Bit Server VM (11.0.12+7-b1504.28-7817840) for windows-amd64 JRE (11.0.12+7-b1504.28-7817840), built on Oct 13 2021 22:12:33 by "builder" with MS VC++ 14.0 (VS2015)

END.
